DEBUG - 2025-04-17 00:04:09 --> Session: Class initialized using 'CodeIgniter\Session\Handlers\FileHandler' driver.
CRITICAL - 2025-04-17 00:04:09 --> TypeError: App\Controllers\Admin\Usuarios::buscaUsuarioOu404(): Argument #1 ($id) must be of type ?int, string given, called in C:\xampp\htdocs\food\app\Controllers\Admin\Usuarios.php on line 51
[Method: GET, Route: admin/usuarios/show/images/logo.svg]
in APPPATH\Controllers\Admin\Usuarios.php on line 75.
 1 APPPATH\Controllers\Admin\Usuarios.php(51): App\Controllers\Admin\Usuarios->buscaUsuarioOu404('images')
 2 SYSTEMPATH\CodeIgniter.php(933): App\Controllers\Admin\Usuarios->show('images', 'logo.svg')
 3 SYSTEMPATH\CodeIgniter.php(507): CodeIgniter\CodeIgniter->runController(Object(App\Controllers\Admin\Usuarios))
 4 SYSTEMPATH\CodeIgniter.php(354): CodeIgniter\CodeIgniter->handleRequest(null, Object(Config\Cache), false)
 5 SYSTEMPATH\Boot.php(334): CodeIgniter\CodeIgniter->run()
 6 SYSTEMPATH\Boot.php(67): CodeIgniter\Boot::runCodeIgniter(Object(CodeIgniter\CodeIgniter))
 7 FCPATH\index.php(56): CodeIgniter\Boot::bootWeb(Object(Config\Paths))
 8 SYSTEMPATH\rewrite.php(44): require_once('C:\\xampp\\htdocs\\food\\public\\index.php')
CRITICAL - 2025-04-17 00:04:09 --> TypeError: App\Controllers\Admin\Usuarios::buscaUsuarioOu404(): Argument #1 ($id) must be of type ?int, string given, called in C:\xampp\htdocs\food\app\Controllers\Admin\Usuarios.php on line 51
[Method: GET, Route: admin/usuarios/show/images/logo-mini.svg]
in APPPATH\Controllers\Admin\Usuarios.php on line 75.
 1 APPPATH\Controllers\Admin\Usuarios.php(51): App\Controllers\Admin\Usuarios->buscaUsuarioOu404('images')
 2 SYSTEMPATH\CodeIgniter.php(933): App\Controllers\Admin\Usuarios->show('images', 'logo-mini.svg')
 3 SYSTEMPATH\CodeIgniter.php(507): CodeIgniter\CodeIgniter->runController(Object(App\Controllers\Admin\Usuarios))
 4 SYSTEMPATH\CodeIgniter.php(354): CodeIgniter\CodeIgniter->handleRequest(null, Object(Config\Cache), false)
 5 SYSTEMPATH\Boot.php(334): CodeIgniter\CodeIgniter->run()
 6 SYSTEMPATH\Boot.php(67): CodeIgniter\Boot::runCodeIgniter(Object(CodeIgniter\CodeIgniter))
 7 FCPATH\index.php(56): CodeIgniter\Boot::bootWeb(Object(Config\Paths))
 8 SYSTEMPATH\rewrite.php(44): require_once('C:\\xampp\\htdocs\\food\\public\\index.php')
CRITICAL - 2025-04-17 00:04:09 --> TypeError: App\Controllers\Admin\Usuarios::buscaUsuarioOu404(): Argument #1 ($id) must be of type ?int, string given, called in C:\xampp\htdocs\food\app\Controllers\Admin\Usuarios.php on line 51
[Method: GET, Route: admin/usuarios/show/images/faces/face4.jpg]
in APPPATH\Controllers\Admin\Usuarios.php on line 75.
 1 APPPATH\Controllers\Admin\Usuarios.php(51): App\Controllers\Admin\Usuarios->buscaUsuarioOu404('images')
 2 SYSTEMPATH\CodeIgniter.php(933): App\Controllers\Admin\Usuarios->show('images', 'faces', 'face4.jpg')
 3 SYSTEMPATH\CodeIgniter.php(507): CodeIgniter\CodeIgniter->runController(Object(App\Controllers\Admin\Usuarios))
 4 SYSTEMPATH\CodeIgniter.php(354): CodeIgniter\CodeIgniter->handleRequest(null, Object(Config\Cache), false)
 5 SYSTEMPATH\Boot.php(334): CodeIgniter\CodeIgniter->run()
 6 SYSTEMPATH\Boot.php(67): CodeIgniter\Boot::runCodeIgniter(Object(CodeIgniter\CodeIgniter))
 7 FCPATH\index.php(56): CodeIgniter\Boot::bootWeb(Object(Config\Paths))
 8 SYSTEMPATH\rewrite.php(44): require_once('C:\\xampp\\htdocs\\food\\public\\index.php')
CRITICAL - 2025-04-17 00:04:10 --> TypeError: App\Controllers\Admin\Usuarios::buscaUsuarioOu404(): Argument #1 ($id) must be of type ?int, string given, called in C:\xampp\htdocs\food\app\Controllers\Admin\Usuarios.php on line 51
[Method: GET, Route: admin/usuarios/show/images/faces/face3.jpg]
in APPPATH\Controllers\Admin\Usuarios.php on line 75.
 1 APPPATH\Controllers\Admin\Usuarios.php(51): App\Controllers\Admin\Usuarios->buscaUsuarioOu404('images')
 2 SYSTEMPATH\CodeIgniter.php(933): App\Controllers\Admin\Usuarios->show('images', 'faces', 'face3.jpg')
 3 SYSTEMPATH\CodeIgniter.php(507): CodeIgniter\CodeIgniter->runController(Object(App\Controllers\Admin\Usuarios))
 4 SYSTEMPATH\CodeIgniter.php(354): CodeIgniter\CodeIgniter->handleRequest(null, Object(Config\Cache), false)
 5 SYSTEMPATH\Boot.php(334): CodeIgniter\CodeIgniter->run()
 6 SYSTEMPATH\Boot.php(67): CodeIgniter\Boot::runCodeIgniter(Object(CodeIgniter\CodeIgniter))
 7 FCPATH\index.php(56): CodeIgniter\Boot::bootWeb(Object(Config\Paths))
 8 SYSTEMPATH\rewrite.php(44): require_once('C:\\xampp\\htdocs\\food\\public\\index.php')
CRITICAL - 2025-04-17 00:04:10 --> TypeError: App\Controllers\Admin\Usuarios::buscaUsuarioOu404(): Argument #1 ($id) must be of type ?int, string given, called in C:\xampp\htdocs\food\app\Controllers\Admin\Usuarios.php on line 51
[Method: GET, Route: admin/usuarios/show/images/faces/face2.jpg]
in APPPATH\Controllers\Admin\Usuarios.php on line 75.
 1 APPPATH\Controllers\Admin\Usuarios.php(51): App\Controllers\Admin\Usuarios->buscaUsuarioOu404('images')
 2 SYSTEMPATH\CodeIgniter.php(933): App\Controllers\Admin\Usuarios->show('images', 'faces', 'face2.jpg')
 3 SYSTEMPATH\CodeIgniter.php(507): CodeIgniter\CodeIgniter->runController(Object(App\Controllers\Admin\Usuarios))
 4 SYSTEMPATH\CodeIgniter.php(354): CodeIgniter\CodeIgniter->handleRequest(null, Object(Config\Cache), false)
 5 SYSTEMPATH\Boot.php(334): CodeIgniter\CodeIgniter->run()
 6 SYSTEMPATH\Boot.php(67): CodeIgniter\Boot::runCodeIgniter(Object(CodeIgniter\CodeIgniter))
 7 FCPATH\index.php(56): CodeIgniter\Boot::bootWeb(Object(Config\Paths))
 8 SYSTEMPATH\rewrite.php(44): require_once('C:\\xampp\\htdocs\\food\\public\\index.php')
CRITICAL - 2025-04-17 00:04:10 --> TypeError: App\Controllers\Admin\Usuarios::buscaUsuarioOu404(): Argument #1 ($id) must be of type ?int, string given, called in C:\xampp\htdocs\food\app\Controllers\Admin\Usuarios.php on line 51
[Method: GET, Route: admin/usuarios/show/images/faces/face5.jpg]
in APPPATH\Controllers\Admin\Usuarios.php on line 75.
 1 APPPATH\Controllers\Admin\Usuarios.php(51): App\Controllers\Admin\Usuarios->buscaUsuarioOu404('images')
 2 SYSTEMPATH\CodeIgniter.php(933): App\Controllers\Admin\Usuarios->show('images', 'faces', 'face5.jpg')
 3 SYSTEMPATH\CodeIgniter.php(507): CodeIgniter\CodeIgniter->runController(Object(App\Controllers\Admin\Usuarios))
 4 SYSTEMPATH\CodeIgniter.php(354): CodeIgniter\CodeIgniter->handleRequest(null, Object(Config\Cache), false)
 5 SYSTEMPATH\Boot.php(334): CodeIgniter\CodeIgniter->run()
 6 SYSTEMPATH\Boot.php(67): CodeIgniter\Boot::runCodeIgniter(Object(CodeIgniter\CodeIgniter))
 7 FCPATH\index.php(56): CodeIgniter\Boot::bootWeb(Object(Config\Paths))
 8 SYSTEMPATH\rewrite.php(44): require_once('C:\\xampp\\htdocs\\food\\public\\index.php')
DEBUG - 2025-04-17 00:06:53 --> Session: Class initialized using 'CodeIgniter\Session\Handlers\FileHandler' driver.
CRITICAL - 2025-04-17 00:06:53 --> TypeError: App\Controllers\Admin\Usuarios::buscaUsuarioOu404(): Argument #1 ($id) must be of type ?int, string given, called in C:\xampp\htdocs\food\app\Controllers\Admin\Usuarios.php on line 54
[Method: GET, Route: admin/usuarios/show/images/logo.svg]
in APPPATH\Controllers\Admin\Usuarios.php on line 78.
 1 APPPATH\Controllers\Admin\Usuarios.php(54): App\Controllers\Admin\Usuarios->buscaUsuarioOu404('images')
 2 SYSTEMPATH\CodeIgniter.php(933): App\Controllers\Admin\Usuarios->show('images', 'logo.svg')
 3 SYSTEMPATH\CodeIgniter.php(507): CodeIgniter\CodeIgniter->runController(Object(App\Controllers\Admin\Usuarios))
 4 SYSTEMPATH\CodeIgniter.php(354): CodeIgniter\CodeIgniter->handleRequest(null, Object(Config\Cache), false)
 5 SYSTEMPATH\Boot.php(334): CodeIgniter\CodeIgniter->run()
 6 SYSTEMPATH\Boot.php(67): CodeIgniter\Boot::runCodeIgniter(Object(CodeIgniter\CodeIgniter))
 7 FCPATH\index.php(56): CodeIgniter\Boot::bootWeb(Object(Config\Paths))
 8 SYSTEMPATH\rewrite.php(44): require_once('C:\\xampp\\htdocs\\food\\public\\index.php')
CRITICAL - 2025-04-17 00:06:53 --> TypeError: App\Controllers\Admin\Usuarios::buscaUsuarioOu404(): Argument #1 ($id) must be of type ?int, string given, called in C:\xampp\htdocs\food\app\Controllers\Admin\Usuarios.php on line 54
[Method: GET, Route: admin/usuarios/show/images/logo-mini.svg]
in APPPATH\Controllers\Admin\Usuarios.php on line 78.
 1 APPPATH\Controllers\Admin\Usuarios.php(54): App\Controllers\Admin\Usuarios->buscaUsuarioOu404('images')
 2 SYSTEMPATH\CodeIgniter.php(933): App\Controllers\Admin\Usuarios->show('images', 'logo-mini.svg')
 3 SYSTEMPATH\CodeIgniter.php(507): CodeIgniter\CodeIgniter->runController(Object(App\Controllers\Admin\Usuarios))
 4 SYSTEMPATH\CodeIgniter.php(354): CodeIgniter\CodeIgniter->handleRequest(null, Object(Config\Cache), false)
 5 SYSTEMPATH\Boot.php(334): CodeIgniter\CodeIgniter->run()
 6 SYSTEMPATH\Boot.php(67): CodeIgniter\Boot::runCodeIgniter(Object(CodeIgniter\CodeIgniter))
 7 FCPATH\index.php(56): CodeIgniter\Boot::bootWeb(Object(Config\Paths))
 8 SYSTEMPATH\rewrite.php(44): require_once('C:\\xampp\\htdocs\\food\\public\\index.php')
CRITICAL - 2025-04-17 00:06:54 --> TypeError: App\Controllers\Admin\Usuarios::buscaUsuarioOu404(): Argument #1 ($id) must be of type ?int, string given, called in C:\xampp\htdocs\food\app\Controllers\Admin\Usuarios.php on line 54
[Method: GET, Route: admin/usuarios/show/images/faces/face4.jpg]
in APPPATH\Controllers\Admin\Usuarios.php on line 78.
 1 APPPATH\Controllers\Admin\Usuarios.php(54): App\Controllers\Admin\Usuarios->buscaUsuarioOu404('images')
 2 SYSTEMPATH\CodeIgniter.php(933): App\Controllers\Admin\Usuarios->show('images', 'faces', 'face4.jpg')
 3 SYSTEMPATH\CodeIgniter.php(507): CodeIgniter\CodeIgniter->runController(Object(App\Controllers\Admin\Usuarios))
 4 SYSTEMPATH\CodeIgniter.php(354): CodeIgniter\CodeIgniter->handleRequest(null, Object(Config\Cache), false)
 5 SYSTEMPATH\Boot.php(334): CodeIgniter\CodeIgniter->run()
 6 SYSTEMPATH\Boot.php(67): CodeIgniter\Boot::runCodeIgniter(Object(CodeIgniter\CodeIgniter))
 7 FCPATH\index.php(56): CodeIgniter\Boot::bootWeb(Object(Config\Paths))
 8 SYSTEMPATH\rewrite.php(44): require_once('C:\\xampp\\htdocs\\food\\public\\index.php')
CRITICAL - 2025-04-17 00:06:54 --> TypeError: App\Controllers\Admin\Usuarios::buscaUsuarioOu404(): Argument #1 ($id) must be of type ?int, string given, called in C:\xampp\htdocs\food\app\Controllers\Admin\Usuarios.php on line 54
[Method: GET, Route: admin/usuarios/show/images/faces/face2.jpg]
in APPPATH\Controllers\Admin\Usuarios.php on line 78.
 1 APPPATH\Controllers\Admin\Usuarios.php(54): App\Controllers\Admin\Usuarios->buscaUsuarioOu404('images')
 2 SYSTEMPATH\CodeIgniter.php(933): App\Controllers\Admin\Usuarios->show('images', 'faces', 'face2.jpg')
 3 SYSTEMPATH\CodeIgniter.php(507): CodeIgniter\CodeIgniter->runController(Object(App\Controllers\Admin\Usuarios))
 4 SYSTEMPATH\CodeIgniter.php(354): CodeIgniter\CodeIgniter->handleRequest(null, Object(Config\Cache), false)
 5 SYSTEMPATH\Boot.php(334): CodeIgniter\CodeIgniter->run()
 6 SYSTEMPATH\Boot.php(67): CodeIgniter\Boot::runCodeIgniter(Object(CodeIgniter\CodeIgniter))
 7 FCPATH\index.php(56): CodeIgniter\Boot::bootWeb(Object(Config\Paths))
 8 SYSTEMPATH\rewrite.php(44): require_once('C:\\xampp\\htdocs\\food\\public\\index.php')
CRITICAL - 2025-04-17 00:06:54 --> TypeError: App\Controllers\Admin\Usuarios::buscaUsuarioOu404(): Argument #1 ($id) must be of type ?int, string given, called in C:\xampp\htdocs\food\app\Controllers\Admin\Usuarios.php on line 54
[Method: GET, Route: admin/usuarios/show/images/faces/face3.jpg]
in APPPATH\Controllers\Admin\Usuarios.php on line 78.
 1 APPPATH\Controllers\Admin\Usuarios.php(54): App\Controllers\Admin\Usuarios->buscaUsuarioOu404('images')
 2 SYSTEMPATH\CodeIgniter.php(933): App\Controllers\Admin\Usuarios->show('images', 'faces', 'face3.jpg')
 3 SYSTEMPATH\CodeIgniter.php(507): CodeIgniter\CodeIgniter->runController(Object(App\Controllers\Admin\Usuarios))
 4 SYSTEMPATH\CodeIgniter.php(354): CodeIgniter\CodeIgniter->handleRequest(null, Object(Config\Cache), false)
 5 SYSTEMPATH\Boot.php(334): CodeIgniter\CodeIgniter->run()
 6 SYSTEMPATH\Boot.php(67): CodeIgniter\Boot::runCodeIgniter(Object(CodeIgniter\CodeIgniter))
 7 FCPATH\index.php(56): CodeIgniter\Boot::bootWeb(Object(Config\Paths))
 8 SYSTEMPATH\rewrite.php(44): require_once('C:\\xampp\\htdocs\\food\\public\\index.php')
CRITICAL - 2025-04-17 00:06:54 --> TypeError: App\Controllers\Admin\Usuarios::buscaUsuarioOu404(): Argument #1 ($id) must be of type ?int, string given, called in C:\xampp\htdocs\food\app\Controllers\Admin\Usuarios.php on line 54
[Method: GET, Route: admin/usuarios/show/images/faces/face5.jpg]
in APPPATH\Controllers\Admin\Usuarios.php on line 78.
 1 APPPATH\Controllers\Admin\Usuarios.php(54): App\Controllers\Admin\Usuarios->buscaUsuarioOu404('images')
 2 SYSTEMPATH\CodeIgniter.php(933): App\Controllers\Admin\Usuarios->show('images', 'faces', 'face5.jpg')
 3 SYSTEMPATH\CodeIgniter.php(507): CodeIgniter\CodeIgniter->runController(Object(App\Controllers\Admin\Usuarios))
 4 SYSTEMPATH\CodeIgniter.php(354): CodeIgniter\CodeIgniter->handleRequest(null, Object(Config\Cache), false)
 5 SYSTEMPATH\Boot.php(334): CodeIgniter\CodeIgniter->run()
 6 SYSTEMPATH\Boot.php(67): CodeIgniter\Boot::runCodeIgniter(Object(CodeIgniter\CodeIgniter))
 7 FCPATH\index.php(56): CodeIgniter\Boot::bootWeb(Object(Config\Paths))
 8 SYSTEMPATH\rewrite.php(44): require_once('C:\\xampp\\htdocs\\food\\public\\index.php')
DEBUG - 2025-04-17 00:07:32 --> Session: Class initialized using 'CodeIgniter\Session\Handlers\FileHandler' driver.
DEBUG - 2025-04-17 02:40:09 --> Session: Class initialized using 'CodeIgniter\Session\Handlers\FileHandler' driver.
DEBUG - 2025-04-17 02:40:19 --> Session: Class initialized using 'CodeIgniter\Session\Handlers\FileHandler' driver.
DEBUG - 2025-04-17 02:40:19 --> Session: Class initialized using 'CodeIgniter\Session\Handlers\FileHandler' driver.
DEBUG - 2025-04-17 02:41:00 --> Session: Class initialized using 'CodeIgniter\Session\Handlers\FileHandler' driver.
DEBUG - 2025-04-17 02:42:01 --> Session: Class initialized using 'CodeIgniter\Session\Handlers\FileHandler' driver.
CRITICAL - 2025-04-17 02:42:01 --> TypeError: App\Controllers\Admin\Usuarios::buscaUsuarioOu404(): Argument #1 ($id) must be of type ?int, string given, called in C:\xampp\htdocs\food\app\Controllers\Admin\Usuarios.php on line 52
[Method: GET, Route: admin/usuarios/show/images/logo.svg]
in APPPATH\Controllers\Admin\Usuarios.php on line 87.
 1 APPPATH\Controllers\Admin\Usuarios.php(52): App\Controllers\Admin\Usuarios->buscaUsuarioOu404('images')
 2 SYSTEMPATH\CodeIgniter.php(933): App\Controllers\Admin\Usuarios->show('images', 'logo.svg')
 3 SYSTEMPATH\CodeIgniter.php(507): CodeIgniter\CodeIgniter->runController(Object(App\Controllers\Admin\Usuarios))
 4 SYSTEMPATH\CodeIgniter.php(354): CodeIgniter\CodeIgniter->handleRequest(null, Object(Config\Cache), false)
 5 SYSTEMPATH\Boot.php(334): CodeIgniter\CodeIgniter->run()
 6 SYSTEMPATH\Boot.php(67): CodeIgniter\Boot::runCodeIgniter(Object(CodeIgniter\CodeIgniter))
 7 FCPATH\index.php(56): CodeIgniter\Boot::bootWeb(Object(Config\Paths))
 8 SYSTEMPATH\rewrite.php(44): require_once('C:\\xampp\\htdocs\\food\\public\\index.php')
CRITICAL - 2025-04-17 02:42:02 --> TypeError: App\Controllers\Admin\Usuarios::buscaUsuarioOu404(): Argument #1 ($id) must be of type ?int, string given, called in C:\xampp\htdocs\food\app\Controllers\Admin\Usuarios.php on line 52
[Method: GET, Route: admin/usuarios/show/images/logo-mini.svg]
in APPPATH\Controllers\Admin\Usuarios.php on line 87.
 1 APPPATH\Controllers\Admin\Usuarios.php(52): App\Controllers\Admin\Usuarios->buscaUsuarioOu404('images')
 2 SYSTEMPATH\CodeIgniter.php(933): App\Controllers\Admin\Usuarios->show('images', 'logo-mini.svg')
 3 SYSTEMPATH\CodeIgniter.php(507): CodeIgniter\CodeIgniter->runController(Object(App\Controllers\Admin\Usuarios))
 4 SYSTEMPATH\CodeIgniter.php(354): CodeIgniter\CodeIgniter->handleRequest(null, Object(Config\Cache), false)
 5 SYSTEMPATH\Boot.php(334): CodeIgniter\CodeIgniter->run()
 6 SYSTEMPATH\Boot.php(67): CodeIgniter\Boot::runCodeIgniter(Object(CodeIgniter\CodeIgniter))
 7 FCPATH\index.php(56): CodeIgniter\Boot::bootWeb(Object(Config\Paths))
 8 SYSTEMPATH\rewrite.php(44): require_once('C:\\xampp\\htdocs\\food\\public\\index.php')
CRITICAL - 2025-04-17 02:42:02 --> TypeError: App\Controllers\Admin\Usuarios::buscaUsuarioOu404(): Argument #1 ($id) must be of type ?int, string given, called in C:\xampp\htdocs\food\app\Controllers\Admin\Usuarios.php on line 52
[Method: GET, Route: admin/usuarios/show/images/faces/face4.jpg]
in APPPATH\Controllers\Admin\Usuarios.php on line 87.
 1 APPPATH\Controllers\Admin\Usuarios.php(52): App\Controllers\Admin\Usuarios->buscaUsuarioOu404('images')
 2 SYSTEMPATH\CodeIgniter.php(933): App\Controllers\Admin\Usuarios->show('images', 'faces', 'face4.jpg')
 3 SYSTEMPATH\CodeIgniter.php(507): CodeIgniter\CodeIgniter->runController(Object(App\Controllers\Admin\Usuarios))
 4 SYSTEMPATH\CodeIgniter.php(354): CodeIgniter\CodeIgniter->handleRequest(null, Object(Config\Cache), false)
 5 SYSTEMPATH\Boot.php(334): CodeIgniter\CodeIgniter->run()
 6 SYSTEMPATH\Boot.php(67): CodeIgniter\Boot::runCodeIgniter(Object(CodeIgniter\CodeIgniter))
 7 FCPATH\index.php(56): CodeIgniter\Boot::bootWeb(Object(Config\Paths))
 8 SYSTEMPATH\rewrite.php(44): require_once('C:\\xampp\\htdocs\\food\\public\\index.php')
CRITICAL - 2025-04-17 02:42:02 --> TypeError: App\Controllers\Admin\Usuarios::buscaUsuarioOu404(): Argument #1 ($id) must be of type ?int, string given, called in C:\xampp\htdocs\food\app\Controllers\Admin\Usuarios.php on line 52
[Method: GET, Route: admin/usuarios/show/images/faces/face2.jpg]
in APPPATH\Controllers\Admin\Usuarios.php on line 87.
 1 APPPATH\Controllers\Admin\Usuarios.php(52): App\Controllers\Admin\Usuarios->buscaUsuarioOu404('images')
 2 SYSTEMPATH\CodeIgniter.php(933): App\Controllers\Admin\Usuarios->show('images', 'faces', 'face2.jpg')
 3 SYSTEMPATH\CodeIgniter.php(507): CodeIgniter\CodeIgniter->runController(Object(App\Controllers\Admin\Usuarios))
 4 SYSTEMPATH\CodeIgniter.php(354): CodeIgniter\CodeIgniter->handleRequest(null, Object(Config\Cache), false)
 5 SYSTEMPATH\Boot.php(334): CodeIgniter\CodeIgniter->run()
 6 SYSTEMPATH\Boot.php(67): CodeIgniter\Boot::runCodeIgniter(Object(CodeIgniter\CodeIgniter))
 7 FCPATH\index.php(56): CodeIgniter\Boot::bootWeb(Object(Config\Paths))
 8 SYSTEMPATH\rewrite.php(44): require_once('C:\\xampp\\htdocs\\food\\public\\index.php')
CRITICAL - 2025-04-17 02:42:02 --> TypeError: App\Controllers\Admin\Usuarios::buscaUsuarioOu404(): Argument #1 ($id) must be of type ?int, string given, called in C:\xampp\htdocs\food\app\Controllers\Admin\Usuarios.php on line 52
[Method: GET, Route: admin/usuarios/show/images/faces/face3.jpg]
in APPPATH\Controllers\Admin\Usuarios.php on line 87.
 1 APPPATH\Controllers\Admin\Usuarios.php(52): App\Controllers\Admin\Usuarios->buscaUsuarioOu404('images')
 2 SYSTEMPATH\CodeIgniter.php(933): App\Controllers\Admin\Usuarios->show('images', 'faces', 'face3.jpg')
 3 SYSTEMPATH\CodeIgniter.php(507): CodeIgniter\CodeIgniter->runController(Object(App\Controllers\Admin\Usuarios))
 4 SYSTEMPATH\CodeIgniter.php(354): CodeIgniter\CodeIgniter->handleRequest(null, Object(Config\Cache), false)
 5 SYSTEMPATH\Boot.php(334): CodeIgniter\CodeIgniter->run()
 6 SYSTEMPATH\Boot.php(67): CodeIgniter\Boot::runCodeIgniter(Object(CodeIgniter\CodeIgniter))
 7 FCPATH\index.php(56): CodeIgniter\Boot::bootWeb(Object(Config\Paths))
 8 SYSTEMPATH\rewrite.php(44): require_once('C:\\xampp\\htdocs\\food\\public\\index.php')
CRITICAL - 2025-04-17 02:42:03 --> TypeError: App\Controllers\Admin\Usuarios::buscaUsuarioOu404(): Argument #1 ($id) must be of type ?int, string given, called in C:\xampp\htdocs\food\app\Controllers\Admin\Usuarios.php on line 52
[Method: GET, Route: admin/usuarios/show/images/faces/face5.jpg]
in APPPATH\Controllers\Admin\Usuarios.php on line 87.
 1 APPPATH\Controllers\Admin\Usuarios.php(52): App\Controllers\Admin\Usuarios->buscaUsuarioOu404('images')
 2 SYSTEMPATH\CodeIgniter.php(933): App\Controllers\Admin\Usuarios->show('images', 'faces', 'face5.jpg')
 3 SYSTEMPATH\CodeIgniter.php(507): CodeIgniter\CodeIgniter->runController(Object(App\Controllers\Admin\Usuarios))
 4 SYSTEMPATH\CodeIgniter.php(354): CodeIgniter\CodeIgniter->handleRequest(null, Object(Config\Cache), false)
 5 SYSTEMPATH\Boot.php(334): CodeIgniter\CodeIgniter->run()
 6 SYSTEMPATH\Boot.php(67): CodeIgniter\Boot::runCodeIgniter(Object(CodeIgniter\CodeIgniter))
 7 FCPATH\index.php(56): CodeIgniter\Boot::bootWeb(Object(Config\Paths))
 8 SYSTEMPATH\rewrite.php(44): require_once('C:\\xampp\\htdocs\\food\\public\\index.php')
DEBUG - 2025-04-17 02:42:13 --> Session: Class initialized using 'CodeIgniter\Session\Handlers\FileHandler' driver.
CRITICAL - 2025-04-17 02:42:13 --> TypeError: App\Controllers\Admin\Usuarios::buscaUsuarioOu404(): Argument #1 ($id) must be of type ?int, string given, called in C:\xampp\htdocs\food\app\Controllers\Admin\Usuarios.php on line 66
[Method: GET, Route: admin/usuarios/editar/images/logo.svg]
in APPPATH\Controllers\Admin\Usuarios.php on line 87.
 1 APPPATH\Controllers\Admin\Usuarios.php(66): App\Controllers\Admin\Usuarios->buscaUsuarioOu404('images')
 2 SYSTEMPATH\CodeIgniter.php(933): App\Controllers\Admin\Usuarios->editar('images', 'logo.svg')
 3 SYSTEMPATH\CodeIgniter.php(507): CodeIgniter\CodeIgniter->runController(Object(App\Controllers\Admin\Usuarios))
 4 SYSTEMPATH\CodeIgniter.php(354): CodeIgniter\CodeIgniter->handleRequest(null, Object(Config\Cache), false)
 5 SYSTEMPATH\Boot.php(334): CodeIgniter\CodeIgniter->run()
 6 SYSTEMPATH\Boot.php(67): CodeIgniter\Boot::runCodeIgniter(Object(CodeIgniter\CodeIgniter))
 7 FCPATH\index.php(56): CodeIgniter\Boot::bootWeb(Object(Config\Paths))
 8 SYSTEMPATH\rewrite.php(44): require_once('C:\\xampp\\htdocs\\food\\public\\index.php')
CRITICAL - 2025-04-17 02:42:13 --> TypeError: App\Controllers\Admin\Usuarios::buscaUsuarioOu404(): Argument #1 ($id) must be of type ?int, string given, called in C:\xampp\htdocs\food\app\Controllers\Admin\Usuarios.php on line 66
[Method: GET, Route: admin/usuarios/editar/images/logo-mini.svg]
in APPPATH\Controllers\Admin\Usuarios.php on line 87.
 1 APPPATH\Controllers\Admin\Usuarios.php(66): App\Controllers\Admin\Usuarios->buscaUsuarioOu404('images')
 2 SYSTEMPATH\CodeIgniter.php(933): App\Controllers\Admin\Usuarios->editar('images', 'logo-mini.svg')
 3 SYSTEMPATH\CodeIgniter.php(507): CodeIgniter\CodeIgniter->runController(Object(App\Controllers\Admin\Usuarios))
 4 SYSTEMPATH\CodeIgniter.php(354): CodeIgniter\CodeIgniter->handleRequest(null, Object(Config\Cache), false)
 5 SYSTEMPATH\Boot.php(334): CodeIgniter\CodeIgniter->run()
 6 SYSTEMPATH\Boot.php(67): CodeIgniter\Boot::runCodeIgniter(Object(CodeIgniter\CodeIgniter))
 7 FCPATH\index.php(56): CodeIgniter\Boot::bootWeb(Object(Config\Paths))
 8 SYSTEMPATH\rewrite.php(44): require_once('C:\\xampp\\htdocs\\food\\public\\index.php')
CRITICAL - 2025-04-17 02:42:13 --> TypeError: App\Controllers\Admin\Usuarios::buscaUsuarioOu404(): Argument #1 ($id) must be of type ?int, string given, called in C:\xampp\htdocs\food\app\Controllers\Admin\Usuarios.php on line 66
[Method: GET, Route: admin/usuarios/editar/images/faces/face4.jpg]
in APPPATH\Controllers\Admin\Usuarios.php on line 87.
 1 APPPATH\Controllers\Admin\Usuarios.php(66): App\Controllers\Admin\Usuarios->buscaUsuarioOu404('images')
 2 SYSTEMPATH\CodeIgniter.php(933): App\Controllers\Admin\Usuarios->editar('images', 'faces', 'face4.jpg')
 3 SYSTEMPATH\CodeIgniter.php(507): CodeIgniter\CodeIgniter->runController(Object(App\Controllers\Admin\Usuarios))
 4 SYSTEMPATH\CodeIgniter.php(354): CodeIgniter\CodeIgniter->handleRequest(null, Object(Config\Cache), false)
 5 SYSTEMPATH\Boot.php(334): CodeIgniter\CodeIgniter->run()
 6 SYSTEMPATH\Boot.php(67): CodeIgniter\Boot::runCodeIgniter(Object(CodeIgniter\CodeIgniter))
 7 FCPATH\index.php(56): CodeIgniter\Boot::bootWeb(Object(Config\Paths))
 8 SYSTEMPATH\rewrite.php(44): require_once('C:\\xampp\\htdocs\\food\\public\\index.php')
CRITICAL - 2025-04-17 02:42:14 --> TypeError: App\Controllers\Admin\Usuarios::buscaUsuarioOu404(): Argument #1 ($id) must be of type ?int, string given, called in C:\xampp\htdocs\food\app\Controllers\Admin\Usuarios.php on line 66
[Method: GET, Route: admin/usuarios/editar/images/faces/face2.jpg]
in APPPATH\Controllers\Admin\Usuarios.php on line 87.
 1 APPPATH\Controllers\Admin\Usuarios.php(66): App\Controllers\Admin\Usuarios->buscaUsuarioOu404('images')
 2 SYSTEMPATH\CodeIgniter.php(933): App\Controllers\Admin\Usuarios->editar('images', 'faces', 'face2.jpg')
 3 SYSTEMPATH\CodeIgniter.php(507): CodeIgniter\CodeIgniter->runController(Object(App\Controllers\Admin\Usuarios))
 4 SYSTEMPATH\CodeIgniter.php(354): CodeIgniter\CodeIgniter->handleRequest(null, Object(Config\Cache), false)
 5 SYSTEMPATH\Boot.php(334): CodeIgniter\CodeIgniter->run()
 6 SYSTEMPATH\Boot.php(67): CodeIgniter\Boot::runCodeIgniter(Object(CodeIgniter\CodeIgniter))
 7 FCPATH\index.php(56): CodeIgniter\Boot::bootWeb(Object(Config\Paths))
 8 SYSTEMPATH\rewrite.php(44): require_once('C:\\xampp\\htdocs\\food\\public\\index.php')
CRITICAL - 2025-04-17 02:42:14 --> TypeError: App\Controllers\Admin\Usuarios::buscaUsuarioOu404(): Argument #1 ($id) must be of type ?int, string given, called in C:\xampp\htdocs\food\app\Controllers\Admin\Usuarios.php on line 66
[Method: GET, Route: admin/usuarios/editar/images/faces/face3.jpg]
in APPPATH\Controllers\Admin\Usuarios.php on line 87.
 1 APPPATH\Controllers\Admin\Usuarios.php(66): App\Controllers\Admin\Usuarios->buscaUsuarioOu404('images')
 2 SYSTEMPATH\CodeIgniter.php(933): App\Controllers\Admin\Usuarios->editar('images', 'faces', 'face3.jpg')
 3 SYSTEMPATH\CodeIgniter.php(507): CodeIgniter\CodeIgniter->runController(Object(App\Controllers\Admin\Usuarios))
 4 SYSTEMPATH\CodeIgniter.php(354): CodeIgniter\CodeIgniter->handleRequest(null, Object(Config\Cache), false)
 5 SYSTEMPATH\Boot.php(334): CodeIgniter\CodeIgniter->run()
 6 SYSTEMPATH\Boot.php(67): CodeIgniter\Boot::runCodeIgniter(Object(CodeIgniter\CodeIgniter))
 7 FCPATH\index.php(56): CodeIgniter\Boot::bootWeb(Object(Config\Paths))
 8 SYSTEMPATH\rewrite.php(44): require_once('C:\\xampp\\htdocs\\food\\public\\index.php')
CRITICAL - 2025-04-17 02:42:14 --> TypeError: App\Controllers\Admin\Usuarios::buscaUsuarioOu404(): Argument #1 ($id) must be of type ?int, string given, called in C:\xampp\htdocs\food\app\Controllers\Admin\Usuarios.php on line 66
[Method: GET, Route: admin/usuarios/editar/images/faces/face5.jpg]
in APPPATH\Controllers\Admin\Usuarios.php on line 87.
 1 APPPATH\Controllers\Admin\Usuarios.php(66): App\Controllers\Admin\Usuarios->buscaUsuarioOu404('images')
 2 SYSTEMPATH\CodeIgniter.php(933): App\Controllers\Admin\Usuarios->editar('images', 'faces', 'face5.jpg')
 3 SYSTEMPATH\CodeIgniter.php(507): CodeIgniter\CodeIgniter->runController(Object(App\Controllers\Admin\Usuarios))
 4 SYSTEMPATH\CodeIgniter.php(354): CodeIgniter\CodeIgniter->handleRequest(null, Object(Config\Cache), false)
 5 SYSTEMPATH\Boot.php(334): CodeIgniter\CodeIgniter->run()
 6 SYSTEMPATH\Boot.php(67): CodeIgniter\Boot::runCodeIgniter(Object(CodeIgniter\CodeIgniter))
 7 FCPATH\index.php(56): CodeIgniter\Boot::bootWeb(Object(Config\Paths))
 8 SYSTEMPATH\rewrite.php(44): require_once('C:\\xampp\\htdocs\\food\\public\\index.php')
DEBUG - 2025-04-17 02:43:30 --> Session: Class initialized using 'CodeIgniter\Session\Handlers\FileHandler' driver.
CRITICAL - 2025-04-17 02:43:31 --> TypeError: App\Controllers\Admin\Usuarios::buscaUsuarioOu404(): Argument #1 ($id) must be of type ?int, string given, called in C:\xampp\htdocs\food\app\Controllers\Admin\Usuarios.php on line 66
[Method: GET, Route: admin/usuarios/editar/images/logo.svg]
in APPPATH\Controllers\Admin\Usuarios.php on line 94.
 1 APPPATH\Controllers\Admin\Usuarios.php(66): App\Controllers\Admin\Usuarios->buscaUsuarioOu404('images')
 2 SYSTEMPATH\CodeIgniter.php(933): App\Controllers\Admin\Usuarios->editar('images', 'logo.svg')
 3 SYSTEMPATH\CodeIgniter.php(507): CodeIgniter\CodeIgniter->runController(Object(App\Controllers\Admin\Usuarios))
 4 SYSTEMPATH\CodeIgniter.php(354): CodeIgniter\CodeIgniter->handleRequest(null, Object(Config\Cache), false)
 5 SYSTEMPATH\Boot.php(334): CodeIgniter\CodeIgniter->run()
 6 SYSTEMPATH\Boot.php(67): CodeIgniter\Boot::runCodeIgniter(Object(CodeIgniter\CodeIgniter))
 7 FCPATH\index.php(56): CodeIgniter\Boot::bootWeb(Object(Config\Paths))
 8 SYSTEMPATH\rewrite.php(44): require_once('C:\\xampp\\htdocs\\food\\public\\index.php')
CRITICAL - 2025-04-17 02:43:31 --> TypeError: App\Controllers\Admin\Usuarios::buscaUsuarioOu404(): Argument #1 ($id) must be of type ?int, string given, called in C:\xampp\htdocs\food\app\Controllers\Admin\Usuarios.php on line 66
[Method: GET, Route: admin/usuarios/editar/images/logo-mini.svg]
in APPPATH\Controllers\Admin\Usuarios.php on line 94.
 1 APPPATH\Controllers\Admin\Usuarios.php(66): App\Controllers\Admin\Usuarios->buscaUsuarioOu404('images')
 2 SYSTEMPATH\CodeIgniter.php(933): App\Controllers\Admin\Usuarios->editar('images', 'logo-mini.svg')
 3 SYSTEMPATH\CodeIgniter.php(507): CodeIgniter\CodeIgniter->runController(Object(App\Controllers\Admin\Usuarios))
 4 SYSTEMPATH\CodeIgniter.php(354): CodeIgniter\CodeIgniter->handleRequest(null, Object(Config\Cache), false)
 5 SYSTEMPATH\Boot.php(334): CodeIgniter\CodeIgniter->run()
 6 SYSTEMPATH\Boot.php(67): CodeIgniter\Boot::runCodeIgniter(Object(CodeIgniter\CodeIgniter))
 7 FCPATH\index.php(56): CodeIgniter\Boot::bootWeb(Object(Config\Paths))
 8 SYSTEMPATH\rewrite.php(44): require_once('C:\\xampp\\htdocs\\food\\public\\index.php')
CRITICAL - 2025-04-17 02:43:31 --> TypeError: App\Controllers\Admin\Usuarios::buscaUsuarioOu404(): Argument #1 ($id) must be of type ?int, string given, called in C:\xampp\htdocs\food\app\Controllers\Admin\Usuarios.php on line 66
[Method: GET, Route: admin/usuarios/editar/images/faces/face4.jpg]
in APPPATH\Controllers\Admin\Usuarios.php on line 94.
 1 APPPATH\Controllers\Admin\Usuarios.php(66): App\Controllers\Admin\Usuarios->buscaUsuarioOu404('images')
 2 SYSTEMPATH\CodeIgniter.php(933): App\Controllers\Admin\Usuarios->editar('images', 'faces', 'face4.jpg')
 3 SYSTEMPATH\CodeIgniter.php(507): CodeIgniter\CodeIgniter->runController(Object(App\Controllers\Admin\Usuarios))
 4 SYSTEMPATH\CodeIgniter.php(354): CodeIgniter\CodeIgniter->handleRequest(null, Object(Config\Cache), false)
 5 SYSTEMPATH\Boot.php(334): CodeIgniter\CodeIgniter->run()
 6 SYSTEMPATH\Boot.php(67): CodeIgniter\Boot::runCodeIgniter(Object(CodeIgniter\CodeIgniter))
 7 FCPATH\index.php(56): CodeIgniter\Boot::bootWeb(Object(Config\Paths))
 8 SYSTEMPATH\rewrite.php(44): require_once('C:\\xampp\\htdocs\\food\\public\\index.php')
CRITICAL - 2025-04-17 02:43:31 --> TypeError: App\Controllers\Admin\Usuarios::buscaUsuarioOu404(): Argument #1 ($id) must be of type ?int, string given, called in C:\xampp\htdocs\food\app\Controllers\Admin\Usuarios.php on line 66
[Method: GET, Route: admin/usuarios/editar/images/faces/face2.jpg]
in APPPATH\Controllers\Admin\Usuarios.php on line 94.
 1 APPPATH\Controllers\Admin\Usuarios.php(66): App\Controllers\Admin\Usuarios->buscaUsuarioOu404('images')
 2 SYSTEMPATH\CodeIgniter.php(933): App\Controllers\Admin\Usuarios->editar('images', 'faces', 'face2.jpg')
 3 SYSTEMPATH\CodeIgniter.php(507): CodeIgniter\CodeIgniter->runController(Object(App\Controllers\Admin\Usuarios))
 4 SYSTEMPATH\CodeIgniter.php(354): CodeIgniter\CodeIgniter->handleRequest(null, Object(Config\Cache), false)
 5 SYSTEMPATH\Boot.php(334): CodeIgniter\CodeIgniter->run()
 6 SYSTEMPATH\Boot.php(67): CodeIgniter\Boot::runCodeIgniter(Object(CodeIgniter\CodeIgniter))
 7 FCPATH\index.php(56): CodeIgniter\Boot::bootWeb(Object(Config\Paths))
 8 SYSTEMPATH\rewrite.php(44): require_once('C:\\xampp\\htdocs\\food\\public\\index.php')
CRITICAL - 2025-04-17 02:43:32 --> TypeError: App\Controllers\Admin\Usuarios::buscaUsuarioOu404(): Argument #1 ($id) must be of type ?int, string given, called in C:\xampp\htdocs\food\app\Controllers\Admin\Usuarios.php on line 66
[Method: GET, Route: admin/usuarios/editar/images/faces/face3.jpg]
in APPPATH\Controllers\Admin\Usuarios.php on line 94.
 1 APPPATH\Controllers\Admin\Usuarios.php(66): App\Controllers\Admin\Usuarios->buscaUsuarioOu404('images')
 2 SYSTEMPATH\CodeIgniter.php(933): App\Controllers\Admin\Usuarios->editar('images', 'faces', 'face3.jpg')
 3 SYSTEMPATH\CodeIgniter.php(507): CodeIgniter\CodeIgniter->runController(Object(App\Controllers\Admin\Usuarios))
 4 SYSTEMPATH\CodeIgniter.php(354): CodeIgniter\CodeIgniter->handleRequest(null, Object(Config\Cache), false)
 5 SYSTEMPATH\Boot.php(334): CodeIgniter\CodeIgniter->run()
 6 SYSTEMPATH\Boot.php(67): CodeIgniter\Boot::runCodeIgniter(Object(CodeIgniter\CodeIgniter))
 7 FCPATH\index.php(56): CodeIgniter\Boot::bootWeb(Object(Config\Paths))
 8 SYSTEMPATH\rewrite.php(44): require_once('C:\\xampp\\htdocs\\food\\public\\index.php')
CRITICAL - 2025-04-17 02:43:32 --> TypeError: App\Controllers\Admin\Usuarios::buscaUsuarioOu404(): Argument #1 ($id) must be of type ?int, string given, called in C:\xampp\htdocs\food\app\Controllers\Admin\Usuarios.php on line 66
[Method: GET, Route: admin/usuarios/editar/images/faces/face5.jpg]
in APPPATH\Controllers\Admin\Usuarios.php on line 94.
 1 APPPATH\Controllers\Admin\Usuarios.php(66): App\Controllers\Admin\Usuarios->buscaUsuarioOu404('images')
 2 SYSTEMPATH\CodeIgniter.php(933): App\Controllers\Admin\Usuarios->editar('images', 'faces', 'face5.jpg')
 3 SYSTEMPATH\CodeIgniter.php(507): CodeIgniter\CodeIgniter->runController(Object(App\Controllers\Admin\Usuarios))
 4 SYSTEMPATH\CodeIgniter.php(354): CodeIgniter\CodeIgniter->handleRequest(null, Object(Config\Cache), false)
 5 SYSTEMPATH\Boot.php(334): CodeIgniter\CodeIgniter->run()
 6 SYSTEMPATH\Boot.php(67): CodeIgniter\Boot::runCodeIgniter(Object(CodeIgniter\CodeIgniter))
 7 FCPATH\index.php(56): CodeIgniter\Boot::bootWeb(Object(Config\Paths))
 8 SYSTEMPATH\rewrite.php(44): require_once('C:\\xampp\\htdocs\\food\\public\\index.php')
CRITICAL - 2025-04-17 02:43:45 --> CodeIgniter\HTTP\Exceptions\BadRequestException: The URI you submitted has disallowed characters: "$usuario->id"
[Method: POST, Route: admin/usuarios/atualizar/$usuario-%3Eid]
in SYSTEMPATH\Router\Router.php on line 739.
 1 SYSTEMPATH\Router\Router.php(207): CodeIgniter\Router\Router->checkDisallowedChars('admin/usuarios/atualizar/$usuario->id')
 2 SYSTEMPATH\CodeIgniter.php(832): CodeIgniter\Router\Router->handle('admin/usuarios/atualizar/$usuario->id')
 3 SYSTEMPATH\CodeIgniter.php(455): CodeIgniter\CodeIgniter->tryToRouteIt(Object(CodeIgniter\Router\RouteCollection))
 4 SYSTEMPATH\CodeIgniter.php(354): CodeIgniter\CodeIgniter->handleRequest(null, Object(Config\Cache), false)
 5 SYSTEMPATH\Boot.php(334): CodeIgniter\CodeIgniter->run()
 6 SYSTEMPATH\Boot.php(67): CodeIgniter\Boot::runCodeIgniter(Object(CodeIgniter\CodeIgniter))
 7 FCPATH\index.php(56): CodeIgniter\Boot::bootWeb(Object(Config\Paths))
 8 SYSTEMPATH\rewrite.php(44): require_once('C:\\xampp\\htdocs\\food\\public\\index.php')
CRITICAL - 2025-04-17 02:45:01 --> CodeIgniter\HTTP\Exceptions\BadRequestException: The URI you submitted has disallowed characters: "$usuario->id"
[Method: POST, Route: admin/usuarios/atualizar/$usuario-%3Eid]
in SYSTEMPATH\Router\Router.php on line 739.
 1 SYSTEMPATH\Router\Router.php(207): CodeIgniter\Router\Router->checkDisallowedChars('admin/usuarios/atualizar/$usuario->id')
 2 SYSTEMPATH\CodeIgniter.php(832): CodeIgniter\Router\Router->handle('admin/usuarios/atualizar/$usuario->id')
 3 SYSTEMPATH\CodeIgniter.php(455): CodeIgniter\CodeIgniter->tryToRouteIt(Object(CodeIgniter\Router\RouteCollection))
 4 SYSTEMPATH\CodeIgniter.php(354): CodeIgniter\CodeIgniter->handleRequest(null, Object(Config\Cache), false)
 5 SYSTEMPATH\Boot.php(334): CodeIgniter\CodeIgniter->run()
 6 SYSTEMPATH\Boot.php(67): CodeIgniter\Boot::runCodeIgniter(Object(CodeIgniter\CodeIgniter))
 7 FCPATH\index.php(56): CodeIgniter\Boot::bootWeb(Object(Config\Paths))
 8 SYSTEMPATH\rewrite.php(44): require_once('C:\\xampp\\htdocs\\food\\public\\index.php')
DEBUG - 2025-04-17 02:45:14 --> Session: Class initialized using 'CodeIgniter\Session\Handlers\FileHandler' driver.
CRITICAL - 2025-04-17 02:45:14 --> TypeError: App\Controllers\Admin\Usuarios::buscaUsuarioOu404(): Argument #1 ($id) must be of type ?int, string given, called in C:\xampp\htdocs\food\app\Controllers\Admin\Usuarios.php on line 52
[Method: GET, Route: admin/usuarios/show/images/logo.svg]
in APPPATH\Controllers\Admin\Usuarios.php on line 94.
 1 APPPATH\Controllers\Admin\Usuarios.php(52): App\Controllers\Admin\Usuarios->buscaUsuarioOu404('images')
 2 SYSTEMPATH\CodeIgniter.php(933): App\Controllers\Admin\Usuarios->show('images', 'logo.svg')
 3 SYSTEMPATH\CodeIgniter.php(507): CodeIgniter\CodeIgniter->runController(Object(App\Controllers\Admin\Usuarios))
 4 SYSTEMPATH\CodeIgniter.php(354): CodeIgniter\CodeIgniter->handleRequest(null, Object(Config\Cache), false)
 5 SYSTEMPATH\Boot.php(334): CodeIgniter\CodeIgniter->run()
 6 SYSTEMPATH\Boot.php(67): CodeIgniter\Boot::runCodeIgniter(Object(CodeIgniter\CodeIgniter))
 7 FCPATH\index.php(56): CodeIgniter\Boot::bootWeb(Object(Config\Paths))
 8 SYSTEMPATH\rewrite.php(44): require_once('C:\\xampp\\htdocs\\food\\public\\index.php')
CRITICAL - 2025-04-17 02:45:14 --> TypeError: App\Controllers\Admin\Usuarios::buscaUsuarioOu404(): Argument #1 ($id) must be of type ?int, string given, called in C:\xampp\htdocs\food\app\Controllers\Admin\Usuarios.php on line 52
[Method: GET, Route: admin/usuarios/show/images/logo-mini.svg]
in APPPATH\Controllers\Admin\Usuarios.php on line 94.
 1 APPPATH\Controllers\Admin\Usuarios.php(52): App\Controllers\Admin\Usuarios->buscaUsuarioOu404('images')
 2 SYSTEMPATH\CodeIgniter.php(933): App\Controllers\Admin\Usuarios->show('images', 'logo-mini.svg')
 3 SYSTEMPATH\CodeIgniter.php(507): CodeIgniter\CodeIgniter->runController(Object(App\Controllers\Admin\Usuarios))
 4 SYSTEMPATH\CodeIgniter.php(354): CodeIgniter\CodeIgniter->handleRequest(null, Object(Config\Cache), false)
 5 SYSTEMPATH\Boot.php(334): CodeIgniter\CodeIgniter->run()
 6 SYSTEMPATH\Boot.php(67): CodeIgniter\Boot::runCodeIgniter(Object(CodeIgniter\CodeIgniter))
 7 FCPATH\index.php(56): CodeIgniter\Boot::bootWeb(Object(Config\Paths))
 8 SYSTEMPATH\rewrite.php(44): require_once('C:\\xampp\\htdocs\\food\\public\\index.php')
CRITICAL - 2025-04-17 02:45:14 --> TypeError: App\Controllers\Admin\Usuarios::buscaUsuarioOu404(): Argument #1 ($id) must be of type ?int, string given, called in C:\xampp\htdocs\food\app\Controllers\Admin\Usuarios.php on line 52
[Method: GET, Route: admin/usuarios/show/images/faces/face4.jpg]
in APPPATH\Controllers\Admin\Usuarios.php on line 94.
 1 APPPATH\Controllers\Admin\Usuarios.php(52): App\Controllers\Admin\Usuarios->buscaUsuarioOu404('images')
 2 SYSTEMPATH\CodeIgniter.php(933): App\Controllers\Admin\Usuarios->show('images', 'faces', 'face4.jpg')
 3 SYSTEMPATH\CodeIgniter.php(507): CodeIgniter\CodeIgniter->runController(Object(App\Controllers\Admin\Usuarios))
 4 SYSTEMPATH\CodeIgniter.php(354): CodeIgniter\CodeIgniter->handleRequest(null, Object(Config\Cache), false)
 5 SYSTEMPATH\Boot.php(334): CodeIgniter\CodeIgniter->run()
 6 SYSTEMPATH\Boot.php(67): CodeIgniter\Boot::runCodeIgniter(Object(CodeIgniter\CodeIgniter))
 7 FCPATH\index.php(56): CodeIgniter\Boot::bootWeb(Object(Config\Paths))
 8 SYSTEMPATH\rewrite.php(44): require_once('C:\\xampp\\htdocs\\food\\public\\index.php')
CRITICAL - 2025-04-17 02:45:15 --> TypeError: App\Controllers\Admin\Usuarios::buscaUsuarioOu404(): Argument #1 ($id) must be of type ?int, string given, called in C:\xampp\htdocs\food\app\Controllers\Admin\Usuarios.php on line 52
[Method: GET, Route: admin/usuarios/show/images/faces/face2.jpg]
in APPPATH\Controllers\Admin\Usuarios.php on line 94.
 1 APPPATH\Controllers\Admin\Usuarios.php(52): App\Controllers\Admin\Usuarios->buscaUsuarioOu404('images')
 2 SYSTEMPATH\CodeIgniter.php(933): App\Controllers\Admin\Usuarios->show('images', 'faces', 'face2.jpg')
 3 SYSTEMPATH\CodeIgniter.php(507): CodeIgniter\CodeIgniter->runController(Object(App\Controllers\Admin\Usuarios))
 4 SYSTEMPATH\CodeIgniter.php(354): CodeIgniter\CodeIgniter->handleRequest(null, Object(Config\Cache), false)
 5 SYSTEMPATH\Boot.php(334): CodeIgniter\CodeIgniter->run()
 6 SYSTEMPATH\Boot.php(67): CodeIgniter\Boot::runCodeIgniter(Object(CodeIgniter\CodeIgniter))
 7 FCPATH\index.php(56): CodeIgniter\Boot::bootWeb(Object(Config\Paths))
 8 SYSTEMPATH\rewrite.php(44): require_once('C:\\xampp\\htdocs\\food\\public\\index.php')
CRITICAL - 2025-04-17 02:45:15 --> TypeError: App\Controllers\Admin\Usuarios::buscaUsuarioOu404(): Argument #1 ($id) must be of type ?int, string given, called in C:\xampp\htdocs\food\app\Controllers\Admin\Usuarios.php on line 52
[Method: GET, Route: admin/usuarios/show/images/faces/face3.jpg]
in APPPATH\Controllers\Admin\Usuarios.php on line 94.
 1 APPPATH\Controllers\Admin\Usuarios.php(52): App\Controllers\Admin\Usuarios->buscaUsuarioOu404('images')
 2 SYSTEMPATH\CodeIgniter.php(933): App\Controllers\Admin\Usuarios->show('images', 'faces', 'face3.jpg')
 3 SYSTEMPATH\CodeIgniter.php(507): CodeIgniter\CodeIgniter->runController(Object(App\Controllers\Admin\Usuarios))
 4 SYSTEMPATH\CodeIgniter.php(354): CodeIgniter\CodeIgniter->handleRequest(null, Object(Config\Cache), false)
 5 SYSTEMPATH\Boot.php(334): CodeIgniter\CodeIgniter->run()
 6 SYSTEMPATH\Boot.php(67): CodeIgniter\Boot::runCodeIgniter(Object(CodeIgniter\CodeIgniter))
 7 FCPATH\index.php(56): CodeIgniter\Boot::bootWeb(Object(Config\Paths))
 8 SYSTEMPATH\rewrite.php(44): require_once('C:\\xampp\\htdocs\\food\\public\\index.php')
CRITICAL - 2025-04-17 02:45:15 --> TypeError: App\Controllers\Admin\Usuarios::buscaUsuarioOu404(): Argument #1 ($id) must be of type ?int, string given, called in C:\xampp\htdocs\food\app\Controllers\Admin\Usuarios.php on line 52
[Method: GET, Route: admin/usuarios/show/images/faces/face5.jpg]
in APPPATH\Controllers\Admin\Usuarios.php on line 94.
 1 APPPATH\Controllers\Admin\Usuarios.php(52): App\Controllers\Admin\Usuarios->buscaUsuarioOu404('images')
 2 SYSTEMPATH\CodeIgniter.php(933): App\Controllers\Admin\Usuarios->show('images', 'faces', 'face5.jpg')
 3 SYSTEMPATH\CodeIgniter.php(507): CodeIgniter\CodeIgniter->runController(Object(App\Controllers\Admin\Usuarios))
 4 SYSTEMPATH\CodeIgniter.php(354): CodeIgniter\CodeIgniter->handleRequest(null, Object(Config\Cache), false)
 5 SYSTEMPATH\Boot.php(334): CodeIgniter\CodeIgniter->run()
 6 SYSTEMPATH\Boot.php(67): CodeIgniter\Boot::runCodeIgniter(Object(CodeIgniter\CodeIgniter))
 7 FCPATH\index.php(56): CodeIgniter\Boot::bootWeb(Object(Config\Paths))
 8 SYSTEMPATH\rewrite.php(44): require_once('C:\\xampp\\htdocs\\food\\public\\index.php')
DEBUG - 2025-04-17 02:45:16 --> Session: Class initialized using 'CodeIgniter\Session\Handlers\FileHandler' driver.
DEBUG - 2025-04-17 02:45:18 --> Session: Class initialized using 'CodeIgniter\Session\Handlers\FileHandler' driver.
CRITICAL - 2025-04-17 02:45:18 --> TypeError: App\Controllers\Admin\Usuarios::buscaUsuarioOu404(): Argument #1 ($id) must be of type ?int, string given, called in C:\xampp\htdocs\food\app\Controllers\Admin\Usuarios.php on line 52
[Method: GET, Route: admin/usuarios/show/images/logo.svg]
in APPPATH\Controllers\Admin\Usuarios.php on line 94.
 1 APPPATH\Controllers\Admin\Usuarios.php(52): App\Controllers\Admin\Usuarios->buscaUsuarioOu404('images')
 2 SYSTEMPATH\CodeIgniter.php(933): App\Controllers\Admin\Usuarios->show('images', 'logo.svg')
 3 SYSTEMPATH\CodeIgniter.php(507): CodeIgniter\CodeIgniter->runController(Object(App\Controllers\Admin\Usuarios))
 4 SYSTEMPATH\CodeIgniter.php(354): CodeIgniter\CodeIgniter->handleRequest(null, Object(Config\Cache), false)
 5 SYSTEMPATH\Boot.php(334): CodeIgniter\CodeIgniter->run()
 6 SYSTEMPATH\Boot.php(67): CodeIgniter\Boot::runCodeIgniter(Object(CodeIgniter\CodeIgniter))
 7 FCPATH\index.php(56): CodeIgniter\Boot::bootWeb(Object(Config\Paths))
 8 SYSTEMPATH\rewrite.php(44): require_once('C:\\xampp\\htdocs\\food\\public\\index.php')
CRITICAL - 2025-04-17 02:45:18 --> TypeError: App\Controllers\Admin\Usuarios::buscaUsuarioOu404(): Argument #1 ($id) must be of type ?int, string given, called in C:\xampp\htdocs\food\app\Controllers\Admin\Usuarios.php on line 52
[Method: GET, Route: admin/usuarios/show/images/logo-mini.svg]
in APPPATH\Controllers\Admin\Usuarios.php on line 94.
 1 APPPATH\Controllers\Admin\Usuarios.php(52): App\Controllers\Admin\Usuarios->buscaUsuarioOu404('images')
 2 SYSTEMPATH\CodeIgniter.php(933): App\Controllers\Admin\Usuarios->show('images', 'logo-mini.svg')
 3 SYSTEMPATH\CodeIgniter.php(507): CodeIgniter\CodeIgniter->runController(Object(App\Controllers\Admin\Usuarios))
 4 SYSTEMPATH\CodeIgniter.php(354): CodeIgniter\CodeIgniter->handleRequest(null, Object(Config\Cache), false)
 5 SYSTEMPATH\Boot.php(334): CodeIgniter\CodeIgniter->run()
 6 SYSTEMPATH\Boot.php(67): CodeIgniter\Boot::runCodeIgniter(Object(CodeIgniter\CodeIgniter))
 7 FCPATH\index.php(56): CodeIgniter\Boot::bootWeb(Object(Config\Paths))
 8 SYSTEMPATH\rewrite.php(44): require_once('C:\\xampp\\htdocs\\food\\public\\index.php')
CRITICAL - 2025-04-17 02:45:18 --> TypeError: App\Controllers\Admin\Usuarios::buscaUsuarioOu404(): Argument #1 ($id) must be of type ?int, string given, called in C:\xampp\htdocs\food\app\Controllers\Admin\Usuarios.php on line 52
[Method: GET, Route: admin/usuarios/show/images/faces/face4.jpg]
in APPPATH\Controllers\Admin\Usuarios.php on line 94.
 1 APPPATH\Controllers\Admin\Usuarios.php(52): App\Controllers\Admin\Usuarios->buscaUsuarioOu404('images')
 2 SYSTEMPATH\CodeIgniter.php(933): App\Controllers\Admin\Usuarios->show('images', 'faces', 'face4.jpg')
 3 SYSTEMPATH\CodeIgniter.php(507): CodeIgniter\CodeIgniter->runController(Object(App\Controllers\Admin\Usuarios))
 4 SYSTEMPATH\CodeIgniter.php(354): CodeIgniter\CodeIgniter->handleRequest(null, Object(Config\Cache), false)
 5 SYSTEMPATH\Boot.php(334): CodeIgniter\CodeIgniter->run()
 6 SYSTEMPATH\Boot.php(67): CodeIgniter\Boot::runCodeIgniter(Object(CodeIgniter\CodeIgniter))
 7 FCPATH\index.php(56): CodeIgniter\Boot::bootWeb(Object(Config\Paths))
 8 SYSTEMPATH\rewrite.php(44): require_once('C:\\xampp\\htdocs\\food\\public\\index.php')
CRITICAL - 2025-04-17 02:45:19 --> TypeError: App\Controllers\Admin\Usuarios::buscaUsuarioOu404(): Argument #1 ($id) must be of type ?int, string given, called in C:\xampp\htdocs\food\app\Controllers\Admin\Usuarios.php on line 52
[Method: GET, Route: admin/usuarios/show/images/faces/face2.jpg]
in APPPATH\Controllers\Admin\Usuarios.php on line 94.
 1 APPPATH\Controllers\Admin\Usuarios.php(52): App\Controllers\Admin\Usuarios->buscaUsuarioOu404('images')
 2 SYSTEMPATH\CodeIgniter.php(933): App\Controllers\Admin\Usuarios->show('images', 'faces', 'face2.jpg')
 3 SYSTEMPATH\CodeIgniter.php(507): CodeIgniter\CodeIgniter->runController(Object(App\Controllers\Admin\Usuarios))
 4 SYSTEMPATH\CodeIgniter.php(354): CodeIgniter\CodeIgniter->handleRequest(null, Object(Config\Cache), false)
 5 SYSTEMPATH\Boot.php(334): CodeIgniter\CodeIgniter->run()
 6 SYSTEMPATH\Boot.php(67): CodeIgniter\Boot::runCodeIgniter(Object(CodeIgniter\CodeIgniter))
 7 FCPATH\index.php(56): CodeIgniter\Boot::bootWeb(Object(Config\Paths))
 8 SYSTEMPATH\rewrite.php(44): require_once('C:\\xampp\\htdocs\\food\\public\\index.php')
CRITICAL - 2025-04-17 02:45:19 --> TypeError: App\Controllers\Admin\Usuarios::buscaUsuarioOu404(): Argument #1 ($id) must be of type ?int, string given, called in C:\xampp\htdocs\food\app\Controllers\Admin\Usuarios.php on line 52
[Method: GET, Route: admin/usuarios/show/images/faces/face3.jpg]
in APPPATH\Controllers\Admin\Usuarios.php on line 94.
 1 APPPATH\Controllers\Admin\Usuarios.php(52): App\Controllers\Admin\Usuarios->buscaUsuarioOu404('images')
 2 SYSTEMPATH\CodeIgniter.php(933): App\Controllers\Admin\Usuarios->show('images', 'faces', 'face3.jpg')
 3 SYSTEMPATH\CodeIgniter.php(507): CodeIgniter\CodeIgniter->runController(Object(App\Controllers\Admin\Usuarios))
 4 SYSTEMPATH\CodeIgniter.php(354): CodeIgniter\CodeIgniter->handleRequest(null, Object(Config\Cache), false)
 5 SYSTEMPATH\Boot.php(334): CodeIgniter\CodeIgniter->run()
 6 SYSTEMPATH\Boot.php(67): CodeIgniter\Boot::runCodeIgniter(Object(CodeIgniter\CodeIgniter))
 7 FCPATH\index.php(56): CodeIgniter\Boot::bootWeb(Object(Config\Paths))
 8 SYSTEMPATH\rewrite.php(44): require_once('C:\\xampp\\htdocs\\food\\public\\index.php')
CRITICAL - 2025-04-17 02:45:19 --> TypeError: App\Controllers\Admin\Usuarios::buscaUsuarioOu404(): Argument #1 ($id) must be of type ?int, string given, called in C:\xampp\htdocs\food\app\Controllers\Admin\Usuarios.php on line 52
[Method: GET, Route: admin/usuarios/show/images/faces/face5.jpg]
in APPPATH\Controllers\Admin\Usuarios.php on line 94.
 1 APPPATH\Controllers\Admin\Usuarios.php(52): App\Controllers\Admin\Usuarios->buscaUsuarioOu404('images')
 2 SYSTEMPATH\CodeIgniter.php(933): App\Controllers\Admin\Usuarios->show('images', 'faces', 'face5.jpg')
 3 SYSTEMPATH\CodeIgniter.php(507): CodeIgniter\CodeIgniter->runController(Object(App\Controllers\Admin\Usuarios))
 4 SYSTEMPATH\CodeIgniter.php(354): CodeIgniter\CodeIgniter->handleRequest(null, Object(Config\Cache), false)
 5 SYSTEMPATH\Boot.php(334): CodeIgniter\CodeIgniter->run()
 6 SYSTEMPATH\Boot.php(67): CodeIgniter\Boot::runCodeIgniter(Object(CodeIgniter\CodeIgniter))
 7 FCPATH\index.php(56): CodeIgniter\Boot::bootWeb(Object(Config\Paths))
 8 SYSTEMPATH\rewrite.php(44): require_once('C:\\xampp\\htdocs\\food\\public\\index.php')
DEBUG - 2025-04-17 02:45:21 --> Session: Class initialized using 'CodeIgniter\Session\Handlers\FileHandler' driver.
CRITICAL - 2025-04-17 02:45:21 --> TypeError: App\Controllers\Admin\Usuarios::buscaUsuarioOu404(): Argument #1 ($id) must be of type ?int, string given, called in C:\xampp\htdocs\food\app\Controllers\Admin\Usuarios.php on line 66
[Method: GET, Route: admin/usuarios/editar/images/logo.svg]
in APPPATH\Controllers\Admin\Usuarios.php on line 94.
 1 APPPATH\Controllers\Admin\Usuarios.php(66): App\Controllers\Admin\Usuarios->buscaUsuarioOu404('images')
 2 SYSTEMPATH\CodeIgniter.php(933): App\Controllers\Admin\Usuarios->editar('images', 'logo.svg')
 3 SYSTEMPATH\CodeIgniter.php(507): CodeIgniter\CodeIgniter->runController(Object(App\Controllers\Admin\Usuarios))
 4 SYSTEMPATH\CodeIgniter.php(354): CodeIgniter\CodeIgniter->handleRequest(null, Object(Config\Cache), false)
 5 SYSTEMPATH\Boot.php(334): CodeIgniter\CodeIgniter->run()
 6 SYSTEMPATH\Boot.php(67): CodeIgniter\Boot::runCodeIgniter(Object(CodeIgniter\CodeIgniter))
 7 FCPATH\index.php(56): CodeIgniter\Boot::bootWeb(Object(Config\Paths))
 8 SYSTEMPATH\rewrite.php(44): require_once('C:\\xampp\\htdocs\\food\\public\\index.php')
CRITICAL - 2025-04-17 02:45:21 --> TypeError: App\Controllers\Admin\Usuarios::buscaUsuarioOu404(): Argument #1 ($id) must be of type ?int, string given, called in C:\xampp\htdocs\food\app\Controllers\Admin\Usuarios.php on line 66
[Method: GET, Route: admin/usuarios/editar/images/logo-mini.svg]
in APPPATH\Controllers\Admin\Usuarios.php on line 94.
 1 APPPATH\Controllers\Admin\Usuarios.php(66): App\Controllers\Admin\Usuarios->buscaUsuarioOu404('images')
 2 SYSTEMPATH\CodeIgniter.php(933): App\Controllers\Admin\Usuarios->editar('images', 'logo-mini.svg')
 3 SYSTEMPATH\CodeIgniter.php(507): CodeIgniter\CodeIgniter->runController(Object(App\Controllers\Admin\Usuarios))
 4 SYSTEMPATH\CodeIgniter.php(354): CodeIgniter\CodeIgniter->handleRequest(null, Object(Config\Cache), false)
 5 SYSTEMPATH\Boot.php(334): CodeIgniter\CodeIgniter->run()
 6 SYSTEMPATH\Boot.php(67): CodeIgniter\Boot::runCodeIgniter(Object(CodeIgniter\CodeIgniter))
 7 FCPATH\index.php(56): CodeIgniter\Boot::bootWeb(Object(Config\Paths))
 8 SYSTEMPATH\rewrite.php(44): require_once('C:\\xampp\\htdocs\\food\\public\\index.php')
CRITICAL - 2025-04-17 02:45:22 --> TypeError: App\Controllers\Admin\Usuarios::buscaUsuarioOu404(): Argument #1 ($id) must be of type ?int, string given, called in C:\xampp\htdocs\food\app\Controllers\Admin\Usuarios.php on line 66
[Method: GET, Route: admin/usuarios/editar/images/faces/face4.jpg]
in APPPATH\Controllers\Admin\Usuarios.php on line 94.
 1 APPPATH\Controllers\Admin\Usuarios.php(66): App\Controllers\Admin\Usuarios->buscaUsuarioOu404('images')
 2 SYSTEMPATH\CodeIgniter.php(933): App\Controllers\Admin\Usuarios->editar('images', 'faces', 'face4.jpg')
 3 SYSTEMPATH\CodeIgniter.php(507): CodeIgniter\CodeIgniter->runController(Object(App\Controllers\Admin\Usuarios))
 4 SYSTEMPATH\CodeIgniter.php(354): CodeIgniter\CodeIgniter->handleRequest(null, Object(Config\Cache), false)
 5 SYSTEMPATH\Boot.php(334): CodeIgniter\CodeIgniter->run()
 6 SYSTEMPATH\Boot.php(67): CodeIgniter\Boot::runCodeIgniter(Object(CodeIgniter\CodeIgniter))
 7 FCPATH\index.php(56): CodeIgniter\Boot::bootWeb(Object(Config\Paths))
 8 SYSTEMPATH\rewrite.php(44): require_once('C:\\xampp\\htdocs\\food\\public\\index.php')
CRITICAL - 2025-04-17 02:45:22 --> TypeError: App\Controllers\Admin\Usuarios::buscaUsuarioOu404(): Argument #1 ($id) must be of type ?int, string given, called in C:\xampp\htdocs\food\app\Controllers\Admin\Usuarios.php on line 66
[Method: GET, Route: admin/usuarios/editar/images/faces/face2.jpg]
in APPPATH\Controllers\Admin\Usuarios.php on line 94.
 1 APPPATH\Controllers\Admin\Usuarios.php(66): App\Controllers\Admin\Usuarios->buscaUsuarioOu404('images')
 2 SYSTEMPATH\CodeIgniter.php(933): App\Controllers\Admin\Usuarios->editar('images', 'faces', 'face2.jpg')
 3 SYSTEMPATH\CodeIgniter.php(507): CodeIgniter\CodeIgniter->runController(Object(App\Controllers\Admin\Usuarios))
 4 SYSTEMPATH\CodeIgniter.php(354): CodeIgniter\CodeIgniter->handleRequest(null, Object(Config\Cache), false)
 5 SYSTEMPATH\Boot.php(334): CodeIgniter\CodeIgniter->run()
 6 SYSTEMPATH\Boot.php(67): CodeIgniter\Boot::runCodeIgniter(Object(CodeIgniter\CodeIgniter))
 7 FCPATH\index.php(56): CodeIgniter\Boot::bootWeb(Object(Config\Paths))
 8 SYSTEMPATH\rewrite.php(44): require_once('C:\\xampp\\htdocs\\food\\public\\index.php')
CRITICAL - 2025-04-17 02:45:22 --> TypeError: App\Controllers\Admin\Usuarios::buscaUsuarioOu404(): Argument #1 ($id) must be of type ?int, string given, called in C:\xampp\htdocs\food\app\Controllers\Admin\Usuarios.php on line 66
[Method: GET, Route: admin/usuarios/editar/images/faces/face3.jpg]
in APPPATH\Controllers\Admin\Usuarios.php on line 94.
 1 APPPATH\Controllers\Admin\Usuarios.php(66): App\Controllers\Admin\Usuarios->buscaUsuarioOu404('images')
 2 SYSTEMPATH\CodeIgniter.php(933): App\Controllers\Admin\Usuarios->editar('images', 'faces', 'face3.jpg')
 3 SYSTEMPATH\CodeIgniter.php(507): CodeIgniter\CodeIgniter->runController(Object(App\Controllers\Admin\Usuarios))
 4 SYSTEMPATH\CodeIgniter.php(354): CodeIgniter\CodeIgniter->handleRequest(null, Object(Config\Cache), false)
 5 SYSTEMPATH\Boot.php(334): CodeIgniter\CodeIgniter->run()
 6 SYSTEMPATH\Boot.php(67): CodeIgniter\Boot::runCodeIgniter(Object(CodeIgniter\CodeIgniter))
 7 FCPATH\index.php(56): CodeIgniter\Boot::bootWeb(Object(Config\Paths))
 8 SYSTEMPATH\rewrite.php(44): require_once('C:\\xampp\\htdocs\\food\\public\\index.php')
CRITICAL - 2025-04-17 02:45:22 --> TypeError: App\Controllers\Admin\Usuarios::buscaUsuarioOu404(): Argument #1 ($id) must be of type ?int, string given, called in C:\xampp\htdocs\food\app\Controllers\Admin\Usuarios.php on line 66
[Method: GET, Route: admin/usuarios/editar/images/faces/face5.jpg]
in APPPATH\Controllers\Admin\Usuarios.php on line 94.
 1 APPPATH\Controllers\Admin\Usuarios.php(66): App\Controllers\Admin\Usuarios->buscaUsuarioOu404('images')
 2 SYSTEMPATH\CodeIgniter.php(933): App\Controllers\Admin\Usuarios->editar('images', 'faces', 'face5.jpg')
 3 SYSTEMPATH\CodeIgniter.php(507): CodeIgniter\CodeIgniter->runController(Object(App\Controllers\Admin\Usuarios))
 4 SYSTEMPATH\CodeIgniter.php(354): CodeIgniter\CodeIgniter->handleRequest(null, Object(Config\Cache), false)
 5 SYSTEMPATH\Boot.php(334): CodeIgniter\CodeIgniter->run()
 6 SYSTEMPATH\Boot.php(67): CodeIgniter\Boot::runCodeIgniter(Object(CodeIgniter\CodeIgniter))
 7 FCPATH\index.php(56): CodeIgniter\Boot::bootWeb(Object(Config\Paths))
 8 SYSTEMPATH\rewrite.php(44): require_once('C:\\xampp\\htdocs\\food\\public\\index.php')
CRITICAL - 2025-04-17 02:45:32 --> CodeIgniter\HTTP\Exceptions\BadRequestException: The URI you submitted has disallowed characters: "$usuario->id"
[Method: POST, Route: admin/usuarios/atualizar/$usuario-%3Eid]
in SYSTEMPATH\Router\Router.php on line 739.
 1 SYSTEMPATH\Router\Router.php(207): CodeIgniter\Router\Router->checkDisallowedChars('admin/usuarios/atualizar/$usuario->id')
 2 SYSTEMPATH\CodeIgniter.php(832): CodeIgniter\Router\Router->handle('admin/usuarios/atualizar/$usuario->id')
 3 SYSTEMPATH\CodeIgniter.php(455): CodeIgniter\CodeIgniter->tryToRouteIt(Object(CodeIgniter\Router\RouteCollection))
 4 SYSTEMPATH\CodeIgniter.php(354): CodeIgniter\CodeIgniter->handleRequest(null, Object(Config\Cache), false)
 5 SYSTEMPATH\Boot.php(334): CodeIgniter\CodeIgniter->run()
 6 SYSTEMPATH\Boot.php(67): CodeIgniter\Boot::runCodeIgniter(Object(CodeIgniter\CodeIgniter))
 7 FCPATH\index.php(56): CodeIgniter\Boot::bootWeb(Object(Config\Paths))
 8 SYSTEMPATH\rewrite.php(44): require_once('C:\\xampp\\htdocs\\food\\public\\index.php')
CRITICAL - 2025-04-17 02:47:00 --> CodeIgniter\HTTP\Exceptions\BadRequestException: The URI you submitted has disallowed characters: "$usuario->id"
[Method: POST, Route: admin/usuarios/atualizar/$usuario-%3Eid]
in SYSTEMPATH\Router\Router.php on line 739.
 1 SYSTEMPATH\Router\Router.php(207): CodeIgniter\Router\Router->checkDisallowedChars('admin/usuarios/atualizar/$usuario->id')
 2 SYSTEMPATH\CodeIgniter.php(832): CodeIgniter\Router\Router->handle('admin/usuarios/atualizar/$usuario->id')
 3 SYSTEMPATH\CodeIgniter.php(455): CodeIgniter\CodeIgniter->tryToRouteIt(Object(CodeIgniter\Router\RouteCollection))
 4 SYSTEMPATH\CodeIgniter.php(354): CodeIgniter\CodeIgniter->handleRequest(null, Object(Config\Cache), false)
 5 SYSTEMPATH\Boot.php(334): CodeIgniter\CodeIgniter->run()
 6 SYSTEMPATH\Boot.php(67): CodeIgniter\Boot::runCodeIgniter(Object(CodeIgniter\CodeIgniter))
 7 FCPATH\index.php(56): CodeIgniter\Boot::bootWeb(Object(Config\Paths))
 8 SYSTEMPATH\rewrite.php(44): require_once('C:\\xampp\\htdocs\\food\\public\\index.php')
CRITICAL - 2025-04-17 02:47:56 --> CodeIgniter\HTTP\Exceptions\BadRequestException: The URI you submitted has disallowed characters: "$usuario->id"
[Method: POST, Route: admin/usuarios/atualizar/$usuario-%3Eid]
in SYSTEMPATH\Router\Router.php on line 739.
 1 SYSTEMPATH\Router\Router.php(207): CodeIgniter\Router\Router->checkDisallowedChars('admin/usuarios/atualizar/$usuario->id')
 2 SYSTEMPATH\CodeIgniter.php(832): CodeIgniter\Router\Router->handle('admin/usuarios/atualizar/$usuario->id')
 3 SYSTEMPATH\CodeIgniter.php(455): CodeIgniter\CodeIgniter->tryToRouteIt(Object(CodeIgniter\Router\RouteCollection))
 4 SYSTEMPATH\CodeIgniter.php(354): CodeIgniter\CodeIgniter->handleRequest(null, Object(Config\Cache), false)
 5 SYSTEMPATH\Boot.php(334): CodeIgniter\CodeIgniter->run()
 6 SYSTEMPATH\Boot.php(67): CodeIgniter\Boot::runCodeIgniter(Object(CodeIgniter\CodeIgniter))
 7 FCPATH\index.php(56): CodeIgniter\Boot::bootWeb(Object(Config\Paths))
 8 SYSTEMPATH\rewrite.php(44): require_once('C:\\xampp\\htdocs\\food\\public\\index.php')
CRITICAL - 2025-04-17 02:48:03 --> CodeIgniter\HTTP\Exceptions\BadRequestException: The URI you submitted has disallowed characters: "$usuario->id"
[Method: POST, Route: admin/usuarios/atualizar/$usuario-%3Eid]
in SYSTEMPATH\Router\Router.php on line 739.
 1 SYSTEMPATH\Router\Router.php(207): CodeIgniter\Router\Router->checkDisallowedChars('admin/usuarios/atualizar/$usuario->id')
 2 SYSTEMPATH\CodeIgniter.php(832): CodeIgniter\Router\Router->handle('admin/usuarios/atualizar/$usuario->id')
 3 SYSTEMPATH\CodeIgniter.php(455): CodeIgniter\CodeIgniter->tryToRouteIt(Object(CodeIgniter\Router\RouteCollection))
 4 SYSTEMPATH\CodeIgniter.php(354): CodeIgniter\CodeIgniter->handleRequest(null, Object(Config\Cache), false)
 5 SYSTEMPATH\Boot.php(334): CodeIgniter\CodeIgniter->run()
 6 SYSTEMPATH\Boot.php(67): CodeIgniter\Boot::runCodeIgniter(Object(CodeIgniter\CodeIgniter))
 7 FCPATH\index.php(56): CodeIgniter\Boot::bootWeb(Object(Config\Paths))
 8 SYSTEMPATH\rewrite.php(44): require_once('C:\\xampp\\htdocs\\food\\public\\index.php')
DEBUG - 2025-04-17 02:51:11 --> Session: Class initialized using 'CodeIgniter\Session\Handlers\FileHandler' driver.
CRITICAL - 2025-04-17 02:51:11 --> TypeError: App\Controllers\Admin\Usuarios::buscaUsuarioOu404(): Argument #1 ($id) must be of type ?int, string given, called in C:\xampp\htdocs\food\app\Controllers\Admin\Usuarios.php on line 63
[Method: GET, Route: admin/usuarios/editar/images/logo.svg]
in APPPATH\Controllers\Admin\Usuarios.php on line 91.
 1 APPPATH\Controllers\Admin\Usuarios.php(63): App\Controllers\Admin\Usuarios->buscaUsuarioOu404('images')
 2 SYSTEMPATH\CodeIgniter.php(933): App\Controllers\Admin\Usuarios->editar('images', 'logo.svg')
 3 SYSTEMPATH\CodeIgniter.php(507): CodeIgniter\CodeIgniter->runController(Object(App\Controllers\Admin\Usuarios))
 4 SYSTEMPATH\CodeIgniter.php(354): CodeIgniter\CodeIgniter->handleRequest(null, Object(Config\Cache), false)
 5 SYSTEMPATH\Boot.php(334): CodeIgniter\CodeIgniter->run()
 6 SYSTEMPATH\Boot.php(67): CodeIgniter\Boot::runCodeIgniter(Object(CodeIgniter\CodeIgniter))
 7 FCPATH\index.php(56): CodeIgniter\Boot::bootWeb(Object(Config\Paths))
 8 SYSTEMPATH\rewrite.php(44): require_once('C:\\xampp\\htdocs\\food\\public\\index.php')
CRITICAL - 2025-04-17 02:51:12 --> TypeError: App\Controllers\Admin\Usuarios::buscaUsuarioOu404(): Argument #1 ($id) must be of type ?int, string given, called in C:\xampp\htdocs\food\app\Controllers\Admin\Usuarios.php on line 63
[Method: GET, Route: admin/usuarios/editar/images/logo-mini.svg]
in APPPATH\Controllers\Admin\Usuarios.php on line 91.
 1 APPPATH\Controllers\Admin\Usuarios.php(63): App\Controllers\Admin\Usuarios->buscaUsuarioOu404('images')
 2 SYSTEMPATH\CodeIgniter.php(933): App\Controllers\Admin\Usuarios->editar('images', 'logo-mini.svg')
 3 SYSTEMPATH\CodeIgniter.php(507): CodeIgniter\CodeIgniter->runController(Object(App\Controllers\Admin\Usuarios))
 4 SYSTEMPATH\CodeIgniter.php(354): CodeIgniter\CodeIgniter->handleRequest(null, Object(Config\Cache), false)
 5 SYSTEMPATH\Boot.php(334): CodeIgniter\CodeIgniter->run()
 6 SYSTEMPATH\Boot.php(67): CodeIgniter\Boot::runCodeIgniter(Object(CodeIgniter\CodeIgniter))
 7 FCPATH\index.php(56): CodeIgniter\Boot::bootWeb(Object(Config\Paths))
 8 SYSTEMPATH\rewrite.php(44): require_once('C:\\xampp\\htdocs\\food\\public\\index.php')
CRITICAL - 2025-04-17 02:51:12 --> TypeError: App\Controllers\Admin\Usuarios::buscaUsuarioOu404(): Argument #1 ($id) must be of type ?int, string given, called in C:\xampp\htdocs\food\app\Controllers\Admin\Usuarios.php on line 63
[Method: GET, Route: admin/usuarios/editar/images/faces/face4.jpg]
in APPPATH\Controllers\Admin\Usuarios.php on line 91.
 1 APPPATH\Controllers\Admin\Usuarios.php(63): App\Controllers\Admin\Usuarios->buscaUsuarioOu404('images')
 2 SYSTEMPATH\CodeIgniter.php(933): App\Controllers\Admin\Usuarios->editar('images', 'faces', 'face4.jpg')
 3 SYSTEMPATH\CodeIgniter.php(507): CodeIgniter\CodeIgniter->runController(Object(App\Controllers\Admin\Usuarios))
 4 SYSTEMPATH\CodeIgniter.php(354): CodeIgniter\CodeIgniter->handleRequest(null, Object(Config\Cache), false)
 5 SYSTEMPATH\Boot.php(334): CodeIgniter\CodeIgniter->run()
 6 SYSTEMPATH\Boot.php(67): CodeIgniter\Boot::runCodeIgniter(Object(CodeIgniter\CodeIgniter))
 7 FCPATH\index.php(56): CodeIgniter\Boot::bootWeb(Object(Config\Paths))
 8 SYSTEMPATH\rewrite.php(44): require_once('C:\\xampp\\htdocs\\food\\public\\index.php')
CRITICAL - 2025-04-17 02:51:12 --> TypeError: App\Controllers\Admin\Usuarios::buscaUsuarioOu404(): Argument #1 ($id) must be of type ?int, string given, called in C:\xampp\htdocs\food\app\Controllers\Admin\Usuarios.php on line 63
[Method: GET, Route: admin/usuarios/editar/images/faces/face2.jpg]
in APPPATH\Controllers\Admin\Usuarios.php on line 91.
 1 APPPATH\Controllers\Admin\Usuarios.php(63): App\Controllers\Admin\Usuarios->buscaUsuarioOu404('images')
 2 SYSTEMPATH\CodeIgniter.php(933): App\Controllers\Admin\Usuarios->editar('images', 'faces', 'face2.jpg')
 3 SYSTEMPATH\CodeIgniter.php(507): CodeIgniter\CodeIgniter->runController(Object(App\Controllers\Admin\Usuarios))
 4 SYSTEMPATH\CodeIgniter.php(354): CodeIgniter\CodeIgniter->handleRequest(null, Object(Config\Cache), false)
 5 SYSTEMPATH\Boot.php(334): CodeIgniter\CodeIgniter->run()
 6 SYSTEMPATH\Boot.php(67): CodeIgniter\Boot::runCodeIgniter(Object(CodeIgniter\CodeIgniter))
 7 FCPATH\index.php(56): CodeIgniter\Boot::bootWeb(Object(Config\Paths))
 8 SYSTEMPATH\rewrite.php(44): require_once('C:\\xampp\\htdocs\\food\\public\\index.php')
CRITICAL - 2025-04-17 02:51:12 --> TypeError: App\Controllers\Admin\Usuarios::buscaUsuarioOu404(): Argument #1 ($id) must be of type ?int, string given, called in C:\xampp\htdocs\food\app\Controllers\Admin\Usuarios.php on line 63
[Method: GET, Route: admin/usuarios/editar/images/faces/face3.jpg]
in APPPATH\Controllers\Admin\Usuarios.php on line 91.
 1 APPPATH\Controllers\Admin\Usuarios.php(63): App\Controllers\Admin\Usuarios->buscaUsuarioOu404('images')
 2 SYSTEMPATH\CodeIgniter.php(933): App\Controllers\Admin\Usuarios->editar('images', 'faces', 'face3.jpg')
 3 SYSTEMPATH\CodeIgniter.php(507): CodeIgniter\CodeIgniter->runController(Object(App\Controllers\Admin\Usuarios))
 4 SYSTEMPATH\CodeIgniter.php(354): CodeIgniter\CodeIgniter->handleRequest(null, Object(Config\Cache), false)
 5 SYSTEMPATH\Boot.php(334): CodeIgniter\CodeIgniter->run()
 6 SYSTEMPATH\Boot.php(67): CodeIgniter\Boot::runCodeIgniter(Object(CodeIgniter\CodeIgniter))
 7 FCPATH\index.php(56): CodeIgniter\Boot::bootWeb(Object(Config\Paths))
 8 SYSTEMPATH\rewrite.php(44): require_once('C:\\xampp\\htdocs\\food\\public\\index.php')
CRITICAL - 2025-04-17 02:51:12 --> TypeError: App\Controllers\Admin\Usuarios::buscaUsuarioOu404(): Argument #1 ($id) must be of type ?int, string given, called in C:\xampp\htdocs\food\app\Controllers\Admin\Usuarios.php on line 63
[Method: GET, Route: admin/usuarios/editar/images/faces/face5.jpg]
in APPPATH\Controllers\Admin\Usuarios.php on line 91.
 1 APPPATH\Controllers\Admin\Usuarios.php(63): App\Controllers\Admin\Usuarios->buscaUsuarioOu404('images')
 2 SYSTEMPATH\CodeIgniter.php(933): App\Controllers\Admin\Usuarios->editar('images', 'faces', 'face5.jpg')
 3 SYSTEMPATH\CodeIgniter.php(507): CodeIgniter\CodeIgniter->runController(Object(App\Controllers\Admin\Usuarios))
 4 SYSTEMPATH\CodeIgniter.php(354): CodeIgniter\CodeIgniter->handleRequest(null, Object(Config\Cache), false)
 5 SYSTEMPATH\Boot.php(334): CodeIgniter\CodeIgniter->run()
 6 SYSTEMPATH\Boot.php(67): CodeIgniter\Boot::runCodeIgniter(Object(CodeIgniter\CodeIgniter))
 7 FCPATH\index.php(56): CodeIgniter\Boot::bootWeb(Object(Config\Paths))
 8 SYSTEMPATH\rewrite.php(44): require_once('C:\\xampp\\htdocs\\food\\public\\index.php')
CRITICAL - 2025-04-17 02:51:22 --> CodeIgniter\HTTP\Exceptions\BadRequestException: The URI you submitted has disallowed characters: "$usuario"
[Method: POST, Route: admin/usuarios/atualizar/$usuario/id]
in SYSTEMPATH\Router\Router.php on line 739.
 1 SYSTEMPATH\Router\Router.php(207): CodeIgniter\Router\Router->checkDisallowedChars('admin/usuarios/atualizar/$usuario/id')
 2 SYSTEMPATH\CodeIgniter.php(832): CodeIgniter\Router\Router->handle('admin/usuarios/atualizar/$usuario/id')
 3 SYSTEMPATH\CodeIgniter.php(455): CodeIgniter\CodeIgniter->tryToRouteIt(Object(CodeIgniter\Router\RouteCollection))
 4 SYSTEMPATH\CodeIgniter.php(354): CodeIgniter\CodeIgniter->handleRequest(null, Object(Config\Cache), false)
 5 SYSTEMPATH\Boot.php(334): CodeIgniter\CodeIgniter->run()
 6 SYSTEMPATH\Boot.php(67): CodeIgniter\Boot::runCodeIgniter(Object(CodeIgniter\CodeIgniter))
 7 FCPATH\index.php(56): CodeIgniter\Boot::bootWeb(Object(Config\Paths))
 8 SYSTEMPATH\rewrite.php(44): require_once('C:\\xampp\\htdocs\\food\\public\\index.php')
DEBUG - 2025-04-17 02:51:30 --> Session: Class initialized using 'CodeIgniter\Session\Handlers\FileHandler' driver.
CRITICAL - 2025-04-17 02:51:30 --> TypeError: App\Controllers\Admin\Usuarios::buscaUsuarioOu404(): Argument #1 ($id) must be of type ?int, string given, called in C:\xampp\htdocs\food\app\Controllers\Admin\Usuarios.php on line 63
[Method: GET, Route: admin/usuarios/editar/images/logo.svg]
in APPPATH\Controllers\Admin\Usuarios.php on line 91.
 1 APPPATH\Controllers\Admin\Usuarios.php(63): App\Controllers\Admin\Usuarios->buscaUsuarioOu404('images')
 2 SYSTEMPATH\CodeIgniter.php(933): App\Controllers\Admin\Usuarios->editar('images', 'logo.svg')
 3 SYSTEMPATH\CodeIgniter.php(507): CodeIgniter\CodeIgniter->runController(Object(App\Controllers\Admin\Usuarios))
 4 SYSTEMPATH\CodeIgniter.php(354): CodeIgniter\CodeIgniter->handleRequest(null, Object(Config\Cache), false)
 5 SYSTEMPATH\Boot.php(334): CodeIgniter\CodeIgniter->run()
 6 SYSTEMPATH\Boot.php(67): CodeIgniter\Boot::runCodeIgniter(Object(CodeIgniter\CodeIgniter))
 7 FCPATH\index.php(56): CodeIgniter\Boot::bootWeb(Object(Config\Paths))
 8 SYSTEMPATH\rewrite.php(44): require_once('C:\\xampp\\htdocs\\food\\public\\index.php')
CRITICAL - 2025-04-17 02:51:30 --> TypeError: App\Controllers\Admin\Usuarios::buscaUsuarioOu404(): Argument #1 ($id) must be of type ?int, string given, called in C:\xampp\htdocs\food\app\Controllers\Admin\Usuarios.php on line 63
[Method: GET, Route: admin/usuarios/editar/images/logo-mini.svg]
in APPPATH\Controllers\Admin\Usuarios.php on line 91.
 1 APPPATH\Controllers\Admin\Usuarios.php(63): App\Controllers\Admin\Usuarios->buscaUsuarioOu404('images')
 2 SYSTEMPATH\CodeIgniter.php(933): App\Controllers\Admin\Usuarios->editar('images', 'logo-mini.svg')
 3 SYSTEMPATH\CodeIgniter.php(507): CodeIgniter\CodeIgniter->runController(Object(App\Controllers\Admin\Usuarios))
 4 SYSTEMPATH\CodeIgniter.php(354): CodeIgniter\CodeIgniter->handleRequest(null, Object(Config\Cache), false)
 5 SYSTEMPATH\Boot.php(334): CodeIgniter\CodeIgniter->run()
 6 SYSTEMPATH\Boot.php(67): CodeIgniter\Boot::runCodeIgniter(Object(CodeIgniter\CodeIgniter))
 7 FCPATH\index.php(56): CodeIgniter\Boot::bootWeb(Object(Config\Paths))
 8 SYSTEMPATH\rewrite.php(44): require_once('C:\\xampp\\htdocs\\food\\public\\index.php')
CRITICAL - 2025-04-17 02:51:30 --> TypeError: App\Controllers\Admin\Usuarios::buscaUsuarioOu404(): Argument #1 ($id) must be of type ?int, string given, called in C:\xampp\htdocs\food\app\Controllers\Admin\Usuarios.php on line 63
[Method: GET, Route: admin/usuarios/editar/images/faces/face4.jpg]
in APPPATH\Controllers\Admin\Usuarios.php on line 91.
 1 APPPATH\Controllers\Admin\Usuarios.php(63): App\Controllers\Admin\Usuarios->buscaUsuarioOu404('images')
 2 SYSTEMPATH\CodeIgniter.php(933): App\Controllers\Admin\Usuarios->editar('images', 'faces', 'face4.jpg')
 3 SYSTEMPATH\CodeIgniter.php(507): CodeIgniter\CodeIgniter->runController(Object(App\Controllers\Admin\Usuarios))
 4 SYSTEMPATH\CodeIgniter.php(354): CodeIgniter\CodeIgniter->handleRequest(null, Object(Config\Cache), false)
 5 SYSTEMPATH\Boot.php(334): CodeIgniter\CodeIgniter->run()
 6 SYSTEMPATH\Boot.php(67): CodeIgniter\Boot::runCodeIgniter(Object(CodeIgniter\CodeIgniter))
 7 FCPATH\index.php(56): CodeIgniter\Boot::bootWeb(Object(Config\Paths))
 8 SYSTEMPATH\rewrite.php(44): require_once('C:\\xampp\\htdocs\\food\\public\\index.php')
CRITICAL - 2025-04-17 02:51:30 --> TypeError: App\Controllers\Admin\Usuarios::buscaUsuarioOu404(): Argument #1 ($id) must be of type ?int, string given, called in C:\xampp\htdocs\food\app\Controllers\Admin\Usuarios.php on line 63
[Method: GET, Route: admin/usuarios/editar/images/faces/face2.jpg]
in APPPATH\Controllers\Admin\Usuarios.php on line 91.
 1 APPPATH\Controllers\Admin\Usuarios.php(63): App\Controllers\Admin\Usuarios->buscaUsuarioOu404('images')
 2 SYSTEMPATH\CodeIgniter.php(933): App\Controllers\Admin\Usuarios->editar('images', 'faces', 'face2.jpg')
 3 SYSTEMPATH\CodeIgniter.php(507): CodeIgniter\CodeIgniter->runController(Object(App\Controllers\Admin\Usuarios))
 4 SYSTEMPATH\CodeIgniter.php(354): CodeIgniter\CodeIgniter->handleRequest(null, Object(Config\Cache), false)
 5 SYSTEMPATH\Boot.php(334): CodeIgniter\CodeIgniter->run()
 6 SYSTEMPATH\Boot.php(67): CodeIgniter\Boot::runCodeIgniter(Object(CodeIgniter\CodeIgniter))
 7 FCPATH\index.php(56): CodeIgniter\Boot::bootWeb(Object(Config\Paths))
 8 SYSTEMPATH\rewrite.php(44): require_once('C:\\xampp\\htdocs\\food\\public\\index.php')
CRITICAL - 2025-04-17 02:51:31 --> TypeError: App\Controllers\Admin\Usuarios::buscaUsuarioOu404(): Argument #1 ($id) must be of type ?int, string given, called in C:\xampp\htdocs\food\app\Controllers\Admin\Usuarios.php on line 63
[Method: GET, Route: admin/usuarios/editar/images/faces/face3.jpg]
in APPPATH\Controllers\Admin\Usuarios.php on line 91.
 1 APPPATH\Controllers\Admin\Usuarios.php(63): App\Controllers\Admin\Usuarios->buscaUsuarioOu404('images')
 2 SYSTEMPATH\CodeIgniter.php(933): App\Controllers\Admin\Usuarios->editar('images', 'faces', 'face3.jpg')
 3 SYSTEMPATH\CodeIgniter.php(507): CodeIgniter\CodeIgniter->runController(Object(App\Controllers\Admin\Usuarios))
 4 SYSTEMPATH\CodeIgniter.php(354): CodeIgniter\CodeIgniter->handleRequest(null, Object(Config\Cache), false)
 5 SYSTEMPATH\Boot.php(334): CodeIgniter\CodeIgniter->run()
 6 SYSTEMPATH\Boot.php(67): CodeIgniter\Boot::runCodeIgniter(Object(CodeIgniter\CodeIgniter))
 7 FCPATH\index.php(56): CodeIgniter\Boot::bootWeb(Object(Config\Paths))
 8 SYSTEMPATH\rewrite.php(44): require_once('C:\\xampp\\htdocs\\food\\public\\index.php')
CRITICAL - 2025-04-17 02:51:31 --> TypeError: App\Controllers\Admin\Usuarios::buscaUsuarioOu404(): Argument #1 ($id) must be of type ?int, string given, called in C:\xampp\htdocs\food\app\Controllers\Admin\Usuarios.php on line 63
[Method: GET, Route: admin/usuarios/editar/images/faces/face5.jpg]
in APPPATH\Controllers\Admin\Usuarios.php on line 91.
 1 APPPATH\Controllers\Admin\Usuarios.php(63): App\Controllers\Admin\Usuarios->buscaUsuarioOu404('images')
 2 SYSTEMPATH\CodeIgniter.php(933): App\Controllers\Admin\Usuarios->editar('images', 'faces', 'face5.jpg')
 3 SYSTEMPATH\CodeIgniter.php(507): CodeIgniter\CodeIgniter->runController(Object(App\Controllers\Admin\Usuarios))
 4 SYSTEMPATH\CodeIgniter.php(354): CodeIgniter\CodeIgniter->handleRequest(null, Object(Config\Cache), false)
 5 SYSTEMPATH\Boot.php(334): CodeIgniter\CodeIgniter->run()
 6 SYSTEMPATH\Boot.php(67): CodeIgniter\Boot::runCodeIgniter(Object(CodeIgniter\CodeIgniter))
 7 FCPATH\index.php(56): CodeIgniter\Boot::bootWeb(Object(Config\Paths))
 8 SYSTEMPATH\rewrite.php(44): require_once('C:\\xampp\\htdocs\\food\\public\\index.php')
CRITICAL - 2025-04-17 02:52:18 --> CodeIgniter\HTTP\Exceptions\BadRequestException: The URI you submitted has disallowed characters: "$usuario"
[Method: POST, Route: admin/usuarios/atualizar/$usuario/id]
in SYSTEMPATH\Router\Router.php on line 739.
 1 SYSTEMPATH\Router\Router.php(207): CodeIgniter\Router\Router->checkDisallowedChars('admin/usuarios/atualizar/$usuario/id')
 2 SYSTEMPATH\CodeIgniter.php(832): CodeIgniter\Router\Router->handle('admin/usuarios/atualizar/$usuario/id')
 3 SYSTEMPATH\CodeIgniter.php(455): CodeIgniter\CodeIgniter->tryToRouteIt(Object(CodeIgniter\Router\RouteCollection))
 4 SYSTEMPATH\CodeIgniter.php(354): CodeIgniter\CodeIgniter->handleRequest(null, Object(Config\Cache), false)
 5 SYSTEMPATH\Boot.php(334): CodeIgniter\CodeIgniter->run()
 6 SYSTEMPATH\Boot.php(67): CodeIgniter\Boot::runCodeIgniter(Object(CodeIgniter\CodeIgniter))
 7 FCPATH\index.php(56): CodeIgniter\Boot::bootWeb(Object(Config\Paths))
 8 SYSTEMPATH\rewrite.php(44): require_once('C:\\xampp\\htdocs\\food\\public\\index.php')
DEBUG - 2025-04-17 12:52:06 --> Session: Class initialized using 'CodeIgniter\Session\Handlers\FileHandler' driver.
CRITICAL - 2025-04-17 12:52:09 --> TypeError: App\Controllers\Admin\Usuarios::buscaUsuarioOu404(): Argument #1 ($id) must be of type ?int, string given, called in C:\xampp\htdocs\food\app\Controllers\Admin\Usuarios.php on line 63
[Method: GET, Route: admin/usuarios/editar/images/logo.svg]
in APPPATH\Controllers\Admin\Usuarios.php on line 91.
 1 APPPATH\Controllers\Admin\Usuarios.php(63): App\Controllers\Admin\Usuarios->buscaUsuarioOu404('images')
 2 SYSTEMPATH\CodeIgniter.php(933): App\Controllers\Admin\Usuarios->editar('images', 'logo.svg')
 3 SYSTEMPATH\CodeIgniter.php(507): CodeIgniter\CodeIgniter->runController(Object(App\Controllers\Admin\Usuarios))
 4 SYSTEMPATH\CodeIgniter.php(354): CodeIgniter\CodeIgniter->handleRequest(null, Object(Config\Cache), false)
 5 SYSTEMPATH\Boot.php(334): CodeIgniter\CodeIgniter->run()
 6 SYSTEMPATH\Boot.php(67): CodeIgniter\Boot::runCodeIgniter(Object(CodeIgniter\CodeIgniter))
 7 FCPATH\index.php(56): CodeIgniter\Boot::bootWeb(Object(Config\Paths))
 8 SYSTEMPATH\rewrite.php(44): require_once('C:\\xampp\\htdocs\\food\\public\\index.php')
CRITICAL - 2025-04-17 12:52:09 --> TypeError: App\Controllers\Admin\Usuarios::buscaUsuarioOu404(): Argument #1 ($id) must be of type ?int, string given, called in C:\xampp\htdocs\food\app\Controllers\Admin\Usuarios.php on line 63
[Method: GET, Route: admin/usuarios/editar/images/logo-mini.svg]
in APPPATH\Controllers\Admin\Usuarios.php on line 91.
 1 APPPATH\Controllers\Admin\Usuarios.php(63): App\Controllers\Admin\Usuarios->buscaUsuarioOu404('images')
 2 SYSTEMPATH\CodeIgniter.php(933): App\Controllers\Admin\Usuarios->editar('images', 'logo-mini.svg')
 3 SYSTEMPATH\CodeIgniter.php(507): CodeIgniter\CodeIgniter->runController(Object(App\Controllers\Admin\Usuarios))
 4 SYSTEMPATH\CodeIgniter.php(354): CodeIgniter\CodeIgniter->handleRequest(null, Object(Config\Cache), false)
 5 SYSTEMPATH\Boot.php(334): CodeIgniter\CodeIgniter->run()
 6 SYSTEMPATH\Boot.php(67): CodeIgniter\Boot::runCodeIgniter(Object(CodeIgniter\CodeIgniter))
 7 FCPATH\index.php(56): CodeIgniter\Boot::bootWeb(Object(Config\Paths))
 8 SYSTEMPATH\rewrite.php(44): require_once('C:\\xampp\\htdocs\\food\\public\\index.php')
CRITICAL - 2025-04-17 12:52:09 --> TypeError: App\Controllers\Admin\Usuarios::buscaUsuarioOu404(): Argument #1 ($id) must be of type ?int, string given, called in C:\xampp\htdocs\food\app\Controllers\Admin\Usuarios.php on line 63
[Method: GET, Route: admin/usuarios/editar/images/faces/face4.jpg]
in APPPATH\Controllers\Admin\Usuarios.php on line 91.
 1 APPPATH\Controllers\Admin\Usuarios.php(63): App\Controllers\Admin\Usuarios->buscaUsuarioOu404('images')
 2 SYSTEMPATH\CodeIgniter.php(933): App\Controllers\Admin\Usuarios->editar('images', 'faces', 'face4.jpg')
 3 SYSTEMPATH\CodeIgniter.php(507): CodeIgniter\CodeIgniter->runController(Object(App\Controllers\Admin\Usuarios))
 4 SYSTEMPATH\CodeIgniter.php(354): CodeIgniter\CodeIgniter->handleRequest(null, Object(Config\Cache), false)
 5 SYSTEMPATH\Boot.php(334): CodeIgniter\CodeIgniter->run()
 6 SYSTEMPATH\Boot.php(67): CodeIgniter\Boot::runCodeIgniter(Object(CodeIgniter\CodeIgniter))
 7 FCPATH\index.php(56): CodeIgniter\Boot::bootWeb(Object(Config\Paths))
 8 SYSTEMPATH\rewrite.php(44): require_once('C:\\xampp\\htdocs\\food\\public\\index.php')
CRITICAL - 2025-04-17 12:52:09 --> TypeError: App\Controllers\Admin\Usuarios::buscaUsuarioOu404(): Argument #1 ($id) must be of type ?int, string given, called in C:\xampp\htdocs\food\app\Controllers\Admin\Usuarios.php on line 63
[Method: GET, Route: admin/usuarios/editar/images/faces/face2.jpg]
in APPPATH\Controllers\Admin\Usuarios.php on line 91.
 1 APPPATH\Controllers\Admin\Usuarios.php(63): App\Controllers\Admin\Usuarios->buscaUsuarioOu404('images')
 2 SYSTEMPATH\CodeIgniter.php(933): App\Controllers\Admin\Usuarios->editar('images', 'faces', 'face2.jpg')
 3 SYSTEMPATH\CodeIgniter.php(507): CodeIgniter\CodeIgniter->runController(Object(App\Controllers\Admin\Usuarios))
 4 SYSTEMPATH\CodeIgniter.php(354): CodeIgniter\CodeIgniter->handleRequest(null, Object(Config\Cache), false)
 5 SYSTEMPATH\Boot.php(334): CodeIgniter\CodeIgniter->run()
 6 SYSTEMPATH\Boot.php(67): CodeIgniter\Boot::runCodeIgniter(Object(CodeIgniter\CodeIgniter))
 7 FCPATH\index.php(56): CodeIgniter\Boot::bootWeb(Object(Config\Paths))
 8 SYSTEMPATH\rewrite.php(44): require_once('C:\\xampp\\htdocs\\food\\public\\index.php')
CRITICAL - 2025-04-17 12:52:10 --> TypeError: App\Controllers\Admin\Usuarios::buscaUsuarioOu404(): Argument #1 ($id) must be of type ?int, string given, called in C:\xampp\htdocs\food\app\Controllers\Admin\Usuarios.php on line 63
[Method: GET, Route: admin/usuarios/editar/images/faces/face3.jpg]
in APPPATH\Controllers\Admin\Usuarios.php on line 91.
 1 APPPATH\Controllers\Admin\Usuarios.php(63): App\Controllers\Admin\Usuarios->buscaUsuarioOu404('images')
 2 SYSTEMPATH\CodeIgniter.php(933): App\Controllers\Admin\Usuarios->editar('images', 'faces', 'face3.jpg')
 3 SYSTEMPATH\CodeIgniter.php(507): CodeIgniter\CodeIgniter->runController(Object(App\Controllers\Admin\Usuarios))
 4 SYSTEMPATH\CodeIgniter.php(354): CodeIgniter\CodeIgniter->handleRequest(null, Object(Config\Cache), false)
 5 SYSTEMPATH\Boot.php(334): CodeIgniter\CodeIgniter->run()
 6 SYSTEMPATH\Boot.php(67): CodeIgniter\Boot::runCodeIgniter(Object(CodeIgniter\CodeIgniter))
 7 FCPATH\index.php(56): CodeIgniter\Boot::bootWeb(Object(Config\Paths))
 8 SYSTEMPATH\rewrite.php(44): require_once('C:\\xampp\\htdocs\\food\\public\\index.php')
CRITICAL - 2025-04-17 12:52:10 --> TypeError: App\Controllers\Admin\Usuarios::buscaUsuarioOu404(): Argument #1 ($id) must be of type ?int, string given, called in C:\xampp\htdocs\food\app\Controllers\Admin\Usuarios.php on line 63
[Method: GET, Route: admin/usuarios/editar/images/faces/face5.jpg]
in APPPATH\Controllers\Admin\Usuarios.php on line 91.
 1 APPPATH\Controllers\Admin\Usuarios.php(63): App\Controllers\Admin\Usuarios->buscaUsuarioOu404('images')
 2 SYSTEMPATH\CodeIgniter.php(933): App\Controllers\Admin\Usuarios->editar('images', 'faces', 'face5.jpg')
 3 SYSTEMPATH\CodeIgniter.php(507): CodeIgniter\CodeIgniter->runController(Object(App\Controllers\Admin\Usuarios))
 4 SYSTEMPATH\CodeIgniter.php(354): CodeIgniter\CodeIgniter->handleRequest(null, Object(Config\Cache), false)
 5 SYSTEMPATH\Boot.php(334): CodeIgniter\CodeIgniter->run()
 6 SYSTEMPATH\Boot.php(67): CodeIgniter\Boot::runCodeIgniter(Object(CodeIgniter\CodeIgniter))
 7 FCPATH\index.php(56): CodeIgniter\Boot::bootWeb(Object(Config\Paths))
 8 SYSTEMPATH\rewrite.php(44): require_once('C:\\xampp\\htdocs\\food\\public\\index.php')
DEBUG - 2025-04-17 13:57:14 --> Session: Class initialized using 'CodeIgniter\Session\Handlers\FileHandler' driver.
CRITICAL - 2025-04-17 13:57:14 --> TypeError: App\Controllers\Admin\Usuarios::buscaUsuarioOu404(): Argument #1 ($id) must be of type ?int, string given, called in C:\xampp\htdocs\food\app\Controllers\Admin\Usuarios.php on line 63
[Method: GET, Route: admin/usuarios/editar/images/logo.svg]
in APPPATH\Controllers\Admin\Usuarios.php on line 91.
 1 APPPATH\Controllers\Admin\Usuarios.php(63): App\Controllers\Admin\Usuarios->buscaUsuarioOu404('images')
 2 SYSTEMPATH\CodeIgniter.php(933): App\Controllers\Admin\Usuarios->editar('images', 'logo.svg')
 3 SYSTEMPATH\CodeIgniter.php(507): CodeIgniter\CodeIgniter->runController(Object(App\Controllers\Admin\Usuarios))
 4 SYSTEMPATH\CodeIgniter.php(354): CodeIgniter\CodeIgniter->handleRequest(null, Object(Config\Cache), false)
 5 SYSTEMPATH\Boot.php(334): CodeIgniter\CodeIgniter->run()
 6 SYSTEMPATH\Boot.php(67): CodeIgniter\Boot::runCodeIgniter(Object(CodeIgniter\CodeIgniter))
 7 FCPATH\index.php(56): CodeIgniter\Boot::bootWeb(Object(Config\Paths))
 8 SYSTEMPATH\rewrite.php(44): require_once('C:\\xampp\\htdocs\\food\\public\\index.php')
CRITICAL - 2025-04-17 13:57:15 --> TypeError: App\Controllers\Admin\Usuarios::buscaUsuarioOu404(): Argument #1 ($id) must be of type ?int, string given, called in C:\xampp\htdocs\food\app\Controllers\Admin\Usuarios.php on line 63
[Method: GET, Route: admin/usuarios/editar/images/logo-mini.svg]
in APPPATH\Controllers\Admin\Usuarios.php on line 91.
 1 APPPATH\Controllers\Admin\Usuarios.php(63): App\Controllers\Admin\Usuarios->buscaUsuarioOu404('images')
 2 SYSTEMPATH\CodeIgniter.php(933): App\Controllers\Admin\Usuarios->editar('images', 'logo-mini.svg')
 3 SYSTEMPATH\CodeIgniter.php(507): CodeIgniter\CodeIgniter->runController(Object(App\Controllers\Admin\Usuarios))
 4 SYSTEMPATH\CodeIgniter.php(354): CodeIgniter\CodeIgniter->handleRequest(null, Object(Config\Cache), false)
 5 SYSTEMPATH\Boot.php(334): CodeIgniter\CodeIgniter->run()
 6 SYSTEMPATH\Boot.php(67): CodeIgniter\Boot::runCodeIgniter(Object(CodeIgniter\CodeIgniter))
 7 FCPATH\index.php(56): CodeIgniter\Boot::bootWeb(Object(Config\Paths))
 8 SYSTEMPATH\rewrite.php(44): require_once('C:\\xampp\\htdocs\\food\\public\\index.php')
CRITICAL - 2025-04-17 13:57:15 --> TypeError: App\Controllers\Admin\Usuarios::buscaUsuarioOu404(): Argument #1 ($id) must be of type ?int, string given, called in C:\xampp\htdocs\food\app\Controllers\Admin\Usuarios.php on line 63
[Method: GET, Route: admin/usuarios/editar/images/faces/face4.jpg]
in APPPATH\Controllers\Admin\Usuarios.php on line 91.
 1 APPPATH\Controllers\Admin\Usuarios.php(63): App\Controllers\Admin\Usuarios->buscaUsuarioOu404('images')
 2 SYSTEMPATH\CodeIgniter.php(933): App\Controllers\Admin\Usuarios->editar('images', 'faces', 'face4.jpg')
 3 SYSTEMPATH\CodeIgniter.php(507): CodeIgniter\CodeIgniter->runController(Object(App\Controllers\Admin\Usuarios))
 4 SYSTEMPATH\CodeIgniter.php(354): CodeIgniter\CodeIgniter->handleRequest(null, Object(Config\Cache), false)
 5 SYSTEMPATH\Boot.php(334): CodeIgniter\CodeIgniter->run()
 6 SYSTEMPATH\Boot.php(67): CodeIgniter\Boot::runCodeIgniter(Object(CodeIgniter\CodeIgniter))
 7 FCPATH\index.php(56): CodeIgniter\Boot::bootWeb(Object(Config\Paths))
 8 SYSTEMPATH\rewrite.php(44): require_once('C:\\xampp\\htdocs\\food\\public\\index.php')
CRITICAL - 2025-04-17 13:57:15 --> TypeError: App\Controllers\Admin\Usuarios::buscaUsuarioOu404(): Argument #1 ($id) must be of type ?int, string given, called in C:\xampp\htdocs\food\app\Controllers\Admin\Usuarios.php on line 63
[Method: GET, Route: admin/usuarios/editar/images/faces/face2.jpg]
in APPPATH\Controllers\Admin\Usuarios.php on line 91.
 1 APPPATH\Controllers\Admin\Usuarios.php(63): App\Controllers\Admin\Usuarios->buscaUsuarioOu404('images')
 2 SYSTEMPATH\CodeIgniter.php(933): App\Controllers\Admin\Usuarios->editar('images', 'faces', 'face2.jpg')
 3 SYSTEMPATH\CodeIgniter.php(507): CodeIgniter\CodeIgniter->runController(Object(App\Controllers\Admin\Usuarios))
 4 SYSTEMPATH\CodeIgniter.php(354): CodeIgniter\CodeIgniter->handleRequest(null, Object(Config\Cache), false)
 5 SYSTEMPATH\Boot.php(334): CodeIgniter\CodeIgniter->run()
 6 SYSTEMPATH\Boot.php(67): CodeIgniter\Boot::runCodeIgniter(Object(CodeIgniter\CodeIgniter))
 7 FCPATH\index.php(56): CodeIgniter\Boot::bootWeb(Object(Config\Paths))
 8 SYSTEMPATH\rewrite.php(44): require_once('C:\\xampp\\htdocs\\food\\public\\index.php')
CRITICAL - 2025-04-17 13:57:15 --> TypeError: App\Controllers\Admin\Usuarios::buscaUsuarioOu404(): Argument #1 ($id) must be of type ?int, string given, called in C:\xampp\htdocs\food\app\Controllers\Admin\Usuarios.php on line 63
[Method: GET, Route: admin/usuarios/editar/images/faces/face3.jpg]
in APPPATH\Controllers\Admin\Usuarios.php on line 91.
 1 APPPATH\Controllers\Admin\Usuarios.php(63): App\Controllers\Admin\Usuarios->buscaUsuarioOu404('images')
 2 SYSTEMPATH\CodeIgniter.php(933): App\Controllers\Admin\Usuarios->editar('images', 'faces', 'face3.jpg')
 3 SYSTEMPATH\CodeIgniter.php(507): CodeIgniter\CodeIgniter->runController(Object(App\Controllers\Admin\Usuarios))
 4 SYSTEMPATH\CodeIgniter.php(354): CodeIgniter\CodeIgniter->handleRequest(null, Object(Config\Cache), false)
 5 SYSTEMPATH\Boot.php(334): CodeIgniter\CodeIgniter->run()
 6 SYSTEMPATH\Boot.php(67): CodeIgniter\Boot::runCodeIgniter(Object(CodeIgniter\CodeIgniter))
 7 FCPATH\index.php(56): CodeIgniter\Boot::bootWeb(Object(Config\Paths))
 8 SYSTEMPATH\rewrite.php(44): require_once('C:\\xampp\\htdocs\\food\\public\\index.php')
CRITICAL - 2025-04-17 13:57:15 --> TypeError: App\Controllers\Admin\Usuarios::buscaUsuarioOu404(): Argument #1 ($id) must be of type ?int, string given, called in C:\xampp\htdocs\food\app\Controllers\Admin\Usuarios.php on line 63
[Method: GET, Route: admin/usuarios/editar/images/faces/face5.jpg]
in APPPATH\Controllers\Admin\Usuarios.php on line 91.
 1 APPPATH\Controllers\Admin\Usuarios.php(63): App\Controllers\Admin\Usuarios->buscaUsuarioOu404('images')
 2 SYSTEMPATH\CodeIgniter.php(933): App\Controllers\Admin\Usuarios->editar('images', 'faces', 'face5.jpg')
 3 SYSTEMPATH\CodeIgniter.php(507): CodeIgniter\CodeIgniter->runController(Object(App\Controllers\Admin\Usuarios))
 4 SYSTEMPATH\CodeIgniter.php(354): CodeIgniter\CodeIgniter->handleRequest(null, Object(Config\Cache), false)
 5 SYSTEMPATH\Boot.php(334): CodeIgniter\CodeIgniter->run()
 6 SYSTEMPATH\Boot.php(67): CodeIgniter\Boot::runCodeIgniter(Object(CodeIgniter\CodeIgniter))
 7 FCPATH\index.php(56): CodeIgniter\Boot::bootWeb(Object(Config\Paths))
 8 SYSTEMPATH\rewrite.php(44): require_once('C:\\xampp\\htdocs\\food\\public\\index.php')
